#
# There is insufficient memory for the Java Runtime Environment to continue.
# Native memory allocation (malloc) failed to allocate 32744 bytes. Error detail: Chunk::new
# Possible reasons:
#   The system is out of physical RAM or swap space
#   This process is running with CompressedOops enabled, and the Java Heap may be blocking the growth of the native heap
# Possible solutions:
#   Reduce memory load on the system
#   Increase physical memory or swap space
#   Check if swap backing store is full
#   Decrease Java heap size (-Xmx/-Xms)
#   Decrease number of Java threads
#   Decrease Java thread stack sizes (-Xss)
#   Set larger code cache with -XX:ReservedCodeCacheSize=
#   JVM is running with Unscaled Compressed Oops mode in which the Java heap is
#     placed in the first 4GB address space. The Java Heap base address is the
#     maximum limit for the native heap growth. Please use -XX:HeapBaseMinAddress
#     to set the Java Heap base and to place the Java Heap above 4GB virtual address.
# This output file may be truncated or incomplete.
#
#  Out of Memory Error (arena.cpp:150), pid=15984, tid=16168
#
# JRE version: OpenJDK Runtime Environment (22.0.1+8) (build 22.0.1+8-16)
# Java VM: OpenJDK 64-Bit Server VM (22.0.1+8-16, mixed mode, emulated-client, sharing, tiered, compressed oops, compressed class ptrs, g1 gc, windows-amd64)
# No core dump will be written. Minidumps are not enabled by default on client versions of Windows
#

---------------  S U M M A R Y ------------

Command Line: -XX:TieredStopAtLevel=1 -Dspring.output.ansi.enabled=always -Dcom.sun.management.jmxremote -Dspring.jmx.enabled=true -Dspring.liveBeansView.mbeanDomain -Dspring.application.admin.enabled=true -Dmanagement.endpoints.jmx.exposure.include=* -javaagent:C:\Program Files\JetBrains\IntelliJ IDEA 2024.1.2\lib\idea_rt.jar=62324:C:\Program Files\JetBrains\IntelliJ IDEA 2024.1.2\bin -Dfile.encoding=UTF-8 -Dsun.stdout.encoding=UTF-8 -Dsun.stderr.encoding=UTF-8 com.example.microservice_eureka.MicroserviceEurekaApplication

Host: Intel(R) Core(TM) i5-4210U CPU @ 1.70GHz, 4 cores, 7G,  Windows 10 , 64 bit Build 17134 (10.0.17134.1)
Time: Fri Aug  2 16:43:13 2024 SE Asia Standard Time elapsed time: 49.769534 seconds (0d 0h 0m 49s)

---------------  T H R E A D  ---------------

Current thread (0x000001e4459333b0):  JavaThread "http-nio-8761-exec-6" daemon [_thread_in_vm, id=16168, stack(0x000000578ac00000,0x000000578ad00000) (1024K)]

Stack: [0x000000578ac00000,0x000000578ad00000]
Native frames: (J=compiled Java code, j=interpreted, Vv=VM code, C=native code)
V  [jvm.dll+0x6e2279]  (no source info available)
V  [jvm.dll+0x874e33]  (no source info available)
V  [jvm.dll+0x87725e]  (no source info available)
V  [jvm.dll+0x877933]  (no source info available)
V  [jvm.dll+0x27fd76]  (no source info available)
V  [jvm.dll+0xc3d0f]  (no source info available)
V  [jvm.dll+0xc3f6b]  (no source info available)
V  [jvm.dll+0x768ee9]  (no source info available)
V  [jvm.dll+0x7687a7]  (no source info available)
V  [jvm.dll+0x86578e]  (no source info available)
V  [jvm.dll+0x8613bb]  (no source info available)
V  [jvm.dll+0x3c8acf]  (no source info available)
V  [jvm.dll+0x3c78fc]  (no source info available)
V  [jvm.dll+0x3c7898]  (no source info available)
V  [jvm.dll+0x3d9b8a]  (no source info available)
C  0x000001e474288ed4  (no source info available)

The last pc belongs to new (printed below).
Java frames: (J=compiled Java code, j=interpreted, Vv=VM code)
j  freemarker.core.TemplateElements.asSingleElement()Lfreemarker/core/TemplateElement;+36
j  freemarker.core.FMParser.Root()Lfreemarker/core/TemplateElement;+59
j  freemarker.template.Template.<init>(Ljava/lang/String;Ljava/lang/String;Ljava/io/Reader;Lfreemarker/template/Configuration;Lfreemarker/core/ParserConfiguration;Ljava/lang/String;)V+95
j  freemarker.cache.TemplateCache.loadTemplate(Lfreemarker/cache/TemplateLoader;Ljava/lang/Object;Ljava/lang/String;Ljava/lang/String;Ljava/util/Locale;Ljava/lang/Object;Ljava/lang/String;Z)Lfreemarker/template/Template;+108
j  freemarker.cache.TemplateCache.getTemplateInternal(Ljava/lang/String;Ljava/util/Locale;Ljava/lang/Object;Ljava/lang/String;Z)Lfreemarker/template/Template;+914
j  freemarker.cache.TemplateCache.getTemplate(Ljava/lang/String;Ljava/util/Locale;Ljava/lang/Object;Ljava/lang/String;Z)Lfreemarker/cache/TemplateCache$MaybeMissingTemplate;+101
j  freemarker.template.Configuration.getTemplate(Ljava/lang/String;Ljava/util/Locale;Ljava/lang/Object;Ljava/lang/String;ZZ)Lfreemarker/template/Template;+32
j  freemarker.template.Configuration.getTemplate(Ljava/lang/String;Ljava/util/Locale;)Lfreemarker/template/Template;+7
j  org.springframework.web.servlet.view.freemarker.FreeMarkerView.getTemplate(Ljava/lang/String;Ljava/util/Locale;)Lfreemarker/template/Template;+29
j  org.springframework.web.servlet.view.freemarker.FreeMarkerView.checkResource(Ljava/util/Locale;)Z+22
j  org.springframework.web.servlet.view.UrlBasedViewResolver.loadView(Ljava/lang/String;Ljava/util/Locale;)Lorg/springframework/web/servlet/View;+16
j  org.springframework.web.servlet.view.AbstractCachingViewResolver.createView(Ljava/lang/String;Ljava/util/Locale;)Lorg/springframework/web/servlet/View;+3
j  org.springframework.web.servlet.view.UrlBasedViewResolver.createView(Ljava/lang/String;Ljava/util/Locale;)Lorg/springframework/web/servlet/View;+116
j  org.springframework.web.servlet.view.AbstractCachingViewResolver.resolveViewName(Ljava/lang/String;Ljava/util/Locale;)Lorg/springframework/web/servlet/View;+10
j  org.springframework.web.servlet.view.ContentNegotiatingViewResolver.getCandidateViews(Ljava/lang/String;Ljava/util/Locale;Ljava/util/List;)Ljava/util/List;+70
j  org.springframework.web.servlet.view.ContentNegotiatingViewResolver.resolveViewName(Ljava/lang/String;Ljava/util/Locale;)Lorg/springframework/web/servlet/View;+36
j  org.springframework.web.servlet.DispatcherServlet.resolveViewName(Ljava/lang/String;Ljava/util/Map;Ljava/util/Locale;Ljakarta/servlet/http/HttpServletRequest;)Lorg/springframework/web/servlet/View;+44
j  org.springframework.web.servlet.DispatcherServlet.render(Lorg/springframework/web/servlet/ModelAndView;Ljakarta/servlet/http/HttpServletRequest;Ljakarta/servlet/http/HttpServletResponse;)V+57
j  org.springframework.web.servlet.DispatcherServlet.processDispatchResult(Ljakarta/servlet/http/HttpServletRequest;Ljakarta/servlet/http/HttpServletResponse;Lorg/springframework/web/servlet/HandlerExecutionChain;Lorg/springframework/web/servlet/ModelAndView;Ljava/lang/Exception;)V+103
j  org.springframework.web.servlet.DispatcherServlet.doDispatch(Ljakarta/servlet/http/HttpServletRequest;Ljakarta/servlet/http/HttpServletResponse;)V+365
j  org.springframework.web.servlet.DispatcherServlet.doService(Ljakarta/servlet/http/HttpServletRequest;Ljakarta/servlet/http/HttpServletResponse;)V+242
j  org.springframework.web.servlet.FrameworkServlet.processRequest(Ljakarta/servlet/http/HttpServletRequest;Ljakarta/servlet/http/HttpServletResponse;)V+70
j  org.springframework.web.servlet.FrameworkServlet.doGet(Ljakarta/servlet/http/HttpServletRequest;Ljakarta/servlet/http/HttpServletResponse;)V+3
j  jakarta.servlet.http.HttpServlet.service(Ljakarta/servlet/http/HttpServletRequest;Ljakarta/servlet/http/HttpServletResponse;)V+35
j  org.springframework.web.servlet.FrameworkServlet.service(Ljakarta/servlet/http/HttpServletRequest;Ljakarta/servlet/http/HttpServletResponse;)V+20
j  jakarta.servlet.http.HttpServlet.service(Ljakarta/servlet/ServletRequest;Ljakarta/servlet/ServletResponse;)V+37
j  org.apache.catalina.core.ApplicationFilterChain.internalDoFilter(Ljakarta/servlet/ServletRequest;Ljakarta/servlet/ServletResponse;)V+300
j  org.apache.catalina.core.ApplicationFilterChain.doFilter(Ljakarta/servlet/ServletRequest;Ljakarta/servlet/ServletResponse;)V+99
j  org.apache.tomcat.websocket.server.WsFilter.doFilter(Ljakarta/servlet/ServletRequest;Ljakarta/servlet/ServletResponse;Ljakarta/servlet/FilterChain;)V+21
j  org.apache.catalina.core.ApplicationFilterChain.internalDoFilter(Ljakarta/servlet/ServletRequest;Ljakarta/servlet/ServletResponse;)V+130
j  org.apache.catalina.core.ApplicationFilterChain.doFilter(Ljakarta/servlet/ServletRequest;Ljakarta/servlet/ServletResponse;)V+99
j  org.springframework.web.filter.RequestContextFilter.doFilterInternal(Ljakarta/servlet/http/HttpServletRequest;Ljakarta/servlet/http/HttpServletResponse;Ljakarta/servlet/FilterChain;)V+21
j  org.springframework.web.filter.OncePerRequestFilter.doFilter(Ljakarta/servlet/ServletRequest;Ljakarta/servlet/ServletResponse;Ljakarta/servlet/FilterChain;)V+150
j  org.apache.catalina.core.ApplicationFilterChain.internalDoFilter(Ljakarta/servlet/ServletRequest;Ljakarta/servlet/ServletResponse;)V+130
j  org.apache.catalina.core.ApplicationFilterChain.doFilter(Ljakarta/servlet/ServletRequest;Ljakarta/servlet/ServletResponse;)V+99
j  org.springframework.web.filter.FormContentFilter.doFilterInternal(Ljakarta/servlet/http/HttpServletRequest;Ljakarta/servlet/http/HttpServletResponse;Ljakarta/servlet/FilterChain;)V+38
j  org.springframework.web.filter.OncePerRequestFilter.doFilter(Ljakarta/servlet/ServletRequest;Ljakarta/servlet/ServletResponse;Ljakarta/servlet/FilterChain;)V+150
j  org.apache.catalina.core.ApplicationFilterChain.internalDoFilter(Ljakarta/servlet/ServletRequest;Ljakarta/servlet/ServletResponse;)V+130
j  org.apache.catalina.core.ApplicationFilterChain.doFilter(Ljakarta/servlet/ServletRequest;Ljakarta/servlet/ServletResponse;)V+99
j  org.springframework.web.filter.ServerHttpObservationFilter.doFilterInternal(Ljakarta/servlet/http/HttpServletRequest;Ljakarta/servlet/http/HttpServletResponse;Ljakarta/servlet/FilterChain;)V+20
j  org.springframework.web.filter.OncePerRequestFilter.doFilter(Ljakarta/servlet/ServletRequest;Ljakarta/servlet/ServletResponse;Ljakarta/servlet/FilterChain;)V+150
j  org.apache.catalina.core.ApplicationFilterChain.internalDoFilter(Ljakarta/servlet/ServletRequest;Ljakarta/servlet/ServletResponse;)V+130
j  org.apache.catalina.core.ApplicationFilterChain.doFilter(Ljakarta/servlet/ServletRequest;Ljakarta/servlet/ServletResponse;)V+99
j  org.springframework.web.filter.CharacterEncodingFilter.doFilterInternal(Ljakarta/servlet/http/HttpServletRequest;Ljakarta/servlet/http/HttpServletResponse;Ljakarta/servlet/FilterChain;)V+53
j  org.springframework.web.filter.OncePerRequestFilter.doFilter(Ljakarta/servlet/ServletRequest;Ljakarta/servlet/ServletResponse;Ljakarta/servlet/FilterChain;)V+150
j  org.apache.catalina.core.ApplicationFilterChain.internalDoFilter(Ljakarta/servlet/ServletRequest;Ljakarta/servlet/ServletResponse;)V+130
j  org.apache.catalina.core.ApplicationFilterChain.doFilter(Ljakarta/servlet/ServletRequest;Ljakarta/servlet/ServletResponse;)V+99
j  org.apache.catalina.core.StandardWrapperValve.invoke(Lorg/apache/catalina/connector/Request;Lorg/apache/catalina/connector/Response;)V+514
j  org.apache.catalina.core.StandardContextValve.invoke(Lorg/apache/catalina/connector/Request;Lorg/apache/catalina/connector/Response;)V+169
j  org.apache.catalina.authenticator.AuthenticatorBase.invoke(Lorg/apache/catalina/connector/Request;Lorg/apache/catalina/connector/Response;)V+221
j  org.apache.catalina.core.StandardHostValve.invoke(Lorg/apache/catalina/connector/Request;Lorg/apache/catalina/connector/Response;)V+131
j  org.apache.catalina.valves.ErrorReportValve.invoke(Lorg/apache/catalina/connector/Request;Lorg/apache/catalina/connector/Response;)V+6
j  org.apache.catalina.core.StandardEngineValve.invoke(Lorg/apache/catalina/connector/Request;Lorg/apache/catalina/connector/Response;)V+59
j  org.apache.catalina.connector.CoyoteAdapter.service(Lorg/apache/coyote/Request;Lorg/apache/coyote/Response;)V+188
j  org.apache.coyote.http11.Http11Processor.service(Lorg/apache/tomcat/util/net/SocketWrapperBase;)Lorg/apache/tomcat/util/net/AbstractEndpoint$Handler$SocketState;+796
j  org.apache.coyote.AbstractProcessorLight.process(Lorg/apache/tomcat/util/net/SocketWrapperBase;Lorg/apache/tomcat/util/net/SocketEvent;)Lorg/apache/tomcat/util/net/AbstractEndpoint$Handler$SocketState;+155
j  org.apache.coyote.AbstractProtocol$ConnectionHandler.process(Lorg/apache/tomcat/util/net/SocketWrapperBase;Lorg/apache/tomcat/util/net/SocketEvent;)Lorg/apache/tomcat/util/net/AbstractEndpoint$Handler$SocketState;+482
j  org.apache.tomcat.util.net.NioEndpoint$SocketProcessor.doRun()V+249
j  org.apache.tomcat.util.net.SocketProcessorBase.run()V+32
j  org.apache.tomcat.util.threads.ThreadPoolExecutor.runWorker(Lorg/apache/tomcat/util/threads/ThreadPoolExecutor$Worker;)V+92
j  org.apache.tomcat.util.threads.ThreadPoolExecutor$Worker.run()V+5
j  org.apache.tomcat.util.threads.TaskThread$WrappingRunnable.run()V+4
j  java.lang.Thread.runWith(Ljava/lang/Object;Ljava/lang/Runnable;)V+5 java.base@22.0.1
j  java.lang.Thread.run()V+19 java.base@22.0.1
v  ~StubRoutines::call_stub 0x000001e47427100d
new  187 new  [0x000001e474288d40, 0x000001e474288f48]  520 bytes
[MachCode]
  0x000001e474288d40: 4883 ec08 | c5fa 1104 | 24eb 1f48 | 83ec 10c5 | fb11 0424 | eb14 4883 | ec10 4889 | 0424 48c7 
  0x000001e474288d60: 4424 0800 | 0000 00eb | 0150 410f | b755 010f | cac1 ea10 | 488b 4de8 | 488b 4908 | 488b 4908 
  0x000001e474288d80: 488b 4108 | 807c 1004 | 070f 85d3 | 0000 0066 | 8b54 d148 | 488b 4928 | 488b 4cd1 | 0851 80b9 
  0x000001e474288da0: 2001 0000 | 050f 85b6 | 0000 008b | 5108 f6c2 | 010f 85aa | 0000 0049 | 8b87 b801 | 0000 488d 
  0x000001e474288dc0: 1c10 493b | 9fc8 0100 | 000f 8792 | 0000 0049 | 899f b801 | 0000 4883 | ea10 0f84 | 0f00 0000 
  0x000001e474288de0: 33c9 c1ea | 0348 894c | d008 48ff | ca75 f648 | c700 0100 | 0000 5933 | f689 700c | 49ba 0000 
  0x000001e474288e00: 0000 e401 | 0000 492b | ca89 4808 | 49ba 9d30 | 884f fa7f | 0000 4180 | 3a00 0f84 | 3c00 0000 
  0x000001e474288e20: 5048 8bc8 | 4883 ec20 | 40f6 c40f | 0f84 1900 | 0000 4883 | ec08 48b8 | 80b5 384f | fa7f 0000 
  0x000001e474288e40: ffd0 4883 | c408 e90c | 0000 0048 | b880 b538 | 4ffa 7f00 | 00ff d048 | 83c4 2058 | e9cb 0000 
  0x000001e474288e60: 0059 488b | 55e8 488b | 5208 488b | 5208 450f | b745 0141 | 0fc8 41c1 | e810 e805 | 0000 00e9 
  0x000001e474288e80: a800 0000 | 488d 4424 | 084c 896d | c049 8bcf | c5f8 7749 | 89af b003 | 0000 4989 | 87a0 0300 
  0x000001e474288ea0: 0048 83ec | 2040 f6c4 | 0f0f 8419 | 0000 0048 | 83ec 0848 | b800 9b01 | 4ffa 7f00 | 00ff d048 
  0x000001e474288ec0: 83c4 08e9 | 0c00 0000 | 48b8 009b | 014f fa7f | 0000 ffd0 | 4883 c420 | 49c7 87a0 | 0300 0000 
  0x000001e474288ee0: 0000 0049 | c787 b003 | 0000 0000 | 0000 49c7 | 87a8 0300 | 0000 0000 | 00c5 f877 | 4983 7f08 
  0x000001e474288f00: 000f 8405 | 0000 00e9 | f47f feff | 498b 87f8 | 0300 0049 | c787 f803 | 0000 0000 | 0000 4c8b 
  0x000001e474288f20: 6dc0 4c8b | 75c8 4e8d | 74f5 00c3 | 410f b65d | 0349 83c5 | 0349 baf0 | f98b 4ffa | 7f00 0041 
  0x000001e474288f40: ff24 da0f | 1f44 0000 
[/MachCode]

---------------  P R O C E S S  ---------------

Threads class SMR info:
_java_thread_list=0x000001e445ccd090, length=73, elements={
0x000001e47bdfac20, 0x000001e47bdff2a0, 0x000001e47be049c0, 0x000001e47be05420,
0x000001e47be081f0, 0x000001e47be08c50, 0x000001e47be096b0, 0x000001e4451b4230,
0x000001e44577d270, 0x000001e44577d8e0, 0x000001e44595afa0, 0x000001e445afdba0,
0x000001e445b2f8d0, 0x000001e4478dbac0, 0x000001e4478dc7e0, 0x000001e4478db430,
0x000001e4478dd500, 0x000001e4478dce70, 0x000001e4478dada0, 0x000001e4478da080,
0x000001e4478da710, 0x000001e447e2d7d0, 0x000001e447e2de60, 0x000001e447e2e4f0,
0x000001e447e2b070, 0x000001e447e2c420, 0x000001e447e2b700, 0x000001e447e2cab0,
0x000001e447e2d140, 0x000001e447e2bd90, 0x000001e4470403d0, 0x000001e44703f6b0,
0x000001e4470424a0, 0x000001e447040a60, 0x000001e447042b30, 0x000001e44703fd40,
0x000001e4470410f0, 0x000001e447041780, 0x000001e447041e10, 0x000001e4480192d0,
0x000001e448015130, 0x000001e448017f20, 0x000001e44801ad10, 0x000001e4480185b0,
0x000001e448019ff0, 0x000001e448018c40, 0x000001e448019960, 0x000001e448017890,
0x000001e448015e50, 0x000001e4480157c0, 0x000001e4480164e0, 0x000001e44801a680,
0x000001e44801b3a0, 0x000001e44801ba30, 0x000001e44801c750, 0x000001e44801c0c0,
0x000001e448017200, 0x000001e445932d20, 0x000001e4459340d0, 0x000001e445936ec0,
0x000001e4459333b0, 0x000001e445936830, 0x000001e445933a40, 0x000001e445932690,
0x000001e4459312e0, 0x000001e445932000, 0x000001e445935480, 0x000001e445934760,
0x000001e4459305c0, 0x000001e445934df0, 0x000001e445930c50, 0x000001e445937be0,
0x000001e445937550
}

Java Threads: ( => current thread )
  0x000001e47bdfac20 JavaThread "Reference Handler"          daemon [_thread_blocked, id=12152, stack(0x0000005786700000,0x0000005786800000) (1024K)]
  0x000001e47bdff2a0 JavaThread "Finalizer"                  daemon [_thread_blocked, id=6744, stack(0x0000005786800000,0x0000005786900000) (1024K)]
  0x000001e47be049c0 JavaThread "Signal Dispatcher"          daemon [_thread_blocked, id=16028, stack(0x0000005786900000,0x0000005786a00000) (1024K)]
  0x000001e47be05420 JavaThread "Attach Listener"            daemon [_thread_blocked, id=12252, stack(0x0000005786a00000,0x0000005786b00000) (1024K)]
  0x000001e47be081f0 JavaThread "Service Thread"             daemon [_thread_blocked, id=6900, stack(0x0000005786b00000,0x0000005786c00000) (1024K)]
  0x000001e47be08c50 JavaThread "Monitor Deflation Thread"   daemon [_thread_blocked, id=15452, stack(0x0000005786c00000,0x0000005786d00000) (1024K)]
  0x000001e47be096b0 JavaThread "C1 CompilerThread0"         daemon [_thread_in_native, id=16732, stack(0x0000005786d00000,0x0000005786e00000) (1024K)]
  0x000001e4451b4230 JavaThread "Common-Cleaner"             daemon [_thread_blocked, id=9784, stack(0x0000005786e00000,0x0000005786f00000) (1024K)]
  0x000001e44577d270 JavaThread "Monitor Ctrl-Break"         daemon [_thread_in_native, id=13896, stack(0x0000005787000000,0x0000005787100000) (1024K)]
  0x000001e44577d8e0 JavaThread "Notification Thread"        daemon [_thread_blocked, id=5472, stack(0x0000005787100000,0x0000005787200000) (1024K)]
  0x000001e44595afa0 JavaThread "RMI TCP Accept-0"           daemon [_thread_in_native, id=17112, stack(0x0000005787600000,0x0000005787700000) (1024K)]
  0x000001e445afdba0 JavaThread "RMI TCP Connection(idle)"   daemon [_thread_blocked, id=14772, stack(0x0000005787800000,0x0000005787900000) (1024K)]
  0x000001e445b2f8d0 JavaThread "RMI Scheduler(0)"           daemon [_thread_blocked, id=4560, stack(0x0000005787700000,0x0000005787800000) (1024K)]
  0x000001e4478dbac0 JavaThread "Catalina-utility-1"                [_thread_blocked, id=12072, stack(0x0000005787b00000,0x0000005787c00000) (1024K)]
  0x000001e4478dc7e0 JavaThread "Catalina-utility-2"                [_thread_blocked, id=13024, stack(0x0000005787c00000,0x0000005787d00000) (1024K)]
  0x000001e4478db430 JavaThread "container-0"                       [_thread_blocked, id=15748, stack(0x0000005787d00000,0x0000005787e00000) (1024K)]
  0x000001e4478dd500 JavaThread "spring.cloud.inetutils"     daemon [_thread_blocked, id=4188, stack(0x0000005787e00000,0x0000005787f00000) (1024K)]
  0x000001e4478dce70 JavaThread "File Watcher"               daemon [_thread_blocked, id=17292, stack(0x0000005787f00000,0x0000005788000000) (1024K)]
  0x000001e4478dada0 JavaThread "Live Reload Server"         daemon [_thread_in_native, id=5384, stack(0x0000005788100000,0x0000005788200000) (1024K)]
  0x000001e4478da080 JavaThread "spectator-gauge-polling-0"  daemon [_thread_blocked, id=15900, stack(0x0000005788000000,0x0000005788100000) (1024K)]
  0x000001e4478da710 JavaThread "AsyncResolver-bootstrap-%d" daemon [_thread_blocked, id=14704, stack(0x0000005788200000,0x0000005788300000) (1024K)]
  0x000001e447e2d7d0 JavaThread "DiscoveryClient-%d"         daemon [_thread_blocked, id=16196, stack(0x0000005788400000,0x0000005788500000) (1024K)]
  0x000001e447e2de60 JavaThread "DiscoveryClient-%d"         daemon [_thread_blocked, id=16396, stack(0x0000005788500000,0x0000005788600000) (1024K)]
  0x000001e447e2e4f0 JavaThread "DiscoveryClient-InstanceInfoReplicator-%d" daemon [_thread_blocked, id=16748, stack(0x0000005788600000,0x0000005788700000) (1024K)]
  0x000001e447e2b070 JavaThread "Eureka-DeltaRetentionTimer" daemon [_thread_blocked, id=15672, stack(0x0000005788800000,0x0000005788900000) (1024K)]
  0x000001e447e2c420 JavaThread "Eureka-EvictionTimer"       daemon [_thread_blocked, id=13308, stack(0x0000005788900000,0x0000005788a00000) (1024K)]
  0x000001e447e2b700 JavaThread "Eureka-MeasureRateTimer"    daemon [_thread_blocked, id=8272, stack(0x0000005788a00000,0x0000005788b00000) (1024K)]
  0x000001e447e2cab0 JavaThread "ReplicaAwareInstanceRegistry - RenewalThresholdUpdater" daemon [_thread_blocked, id=15420, stack(0x0000005788b00000,0x0000005788c00000) (1024K)]
  0x000001e447e2d140 JavaThread "Eureka-MeasureRateTimer"    daemon [_thread_blocked, id=5332, stack(0x0000005788c00000,0x0000005788d00000) (1024K)]
  0x000001e447e2bd90 JavaThread "Eureka-Jersey3Client-Conn-Cleaner2" daemon [_thread_blocked, id=12316, stack(0x0000005788700000,0x0000005788800000) (1024K)]
  0x000001e4470403d0 JavaThread "TaskAcceptor-target_localhost" daemon [_thread_blocked, id=12916, stack(0x0000005788d00000,0x0000005788e00000) (1024K)]
  0x000001e44703f6b0 JavaThread "TaskBatchingWorker-target_localhost-0" daemon [_thread_blocked, id=7164, stack(0x0000005788e00000,0x0000005788f00000) (1024K)]
  0x000001e4470424a0 JavaThread "TaskBatchingWorker-target_localhost-1" daemon [_thread_blocked, id=13288, stack(0x0000005788f00000,0x0000005789000000) (1024K)]
  0x000001e447040a60 JavaThread "TaskBatchingWorker-target_localhost-2" daemon [_thread_blocked, id=16188, stack(0x0000005789000000,0x0000005789100000) (1024K)]
  0x000001e447042b30 JavaThread "TaskBatchingWorker-target_localhost-3" daemon [_thread_blocked, id=15720, stack(0x0000005789100000,0x0000005789200000) (1024K)]
  0x000001e44703fd40 JavaThread "TaskBatchingWorker-target_localhost-4" daemon [_thread_blocked, id=14116, stack(0x0000005789200000,0x0000005789300000) (1024K)]
  0x000001e4470410f0 JavaThread "TaskBatchingWorker-target_localhost-5" daemon [_thread_blocked, id=12608, stack(0x0000005789300000,0x0000005789400000) (1024K)]
  0x000001e447041780 JavaThread "TaskBatchingWorker-target_localhost-6" daemon [_thread_blocked, id=13408, stack(0x0000005789400000,0x0000005789500000) (1024K)]
  0x000001e447041e10 JavaThread "TaskBatchingWorker-target_localhost-7" daemon [_thread_blocked, id=16300, stack(0x0000005789500000,0x0000005789600000) (1024K)]
  0x000001e4480192d0 JavaThread "TaskBatchingWorker-target_localhost-8" daemon [_thread_blocked, id=920, stack(0x0000005789600000,0x0000005789700000) (1024K)]
  0x000001e448015130 JavaThread "TaskBatchingWorker-target_localhost-9" daemon [_thread_blocked, id=16648, stack(0x0000005789700000,0x0000005789800000) (1024K)]
  0x000001e448017f20 JavaThread "TaskBatchingWorker-target_localhost-10" daemon [_thread_blocked, id=15500, stack(0x0000005789800000,0x0000005789900000) (1024K)]
  0x000001e44801ad10 JavaThread "TaskBatchingWorker-target_localhost-11" daemon [_thread_blocked, id=1744, stack(0x0000005789900000,0x0000005789a00000) (1024K)]
  0x000001e4480185b0 JavaThread "TaskBatchingWorker-target_localhost-12" daemon [_thread_blocked, id=17400, stack(0x0000005789a00000,0x0000005789b00000) (1024K)]
  0x000001e448019ff0 JavaThread "TaskBatchingWorker-target_localhost-13" daemon [_thread_blocked, id=16252, stack(0x0000005789b00000,0x0000005789c00000) (1024K)]
  0x000001e448018c40 JavaThread "TaskBatchingWorker-target_localhost-14" daemon [_thread_blocked, id=17012, stack(0x0000005789c00000,0x0000005789d00000) (1024K)]
  0x000001e448019960 JavaThread "TaskBatchingWorker-target_localhost-15" daemon [_thread_blocked, id=7384, stack(0x0000005789d00000,0x0000005789e00000) (1024K)]
  0x000001e448017890 JavaThread "TaskBatchingWorker-target_localhost-16" daemon [_thread_blocked, id=14108, stack(0x0000005789e00000,0x0000005789f00000) (1024K)]
  0x000001e448015e50 JavaThread "TaskBatchingWorker-target_localhost-17" daemon [_thread_blocked, id=15532, stack(0x0000005789f00000,0x000000578a000000) (1024K)]
  0x000001e4480157c0 JavaThread "TaskBatchingWorker-target_localhost-18" daemon [_thread_blocked, id=9480, stack(0x000000578a000000,0x000000578a100000) (1024K)]
  0x000001e4480164e0 JavaThread "TaskBatchingWorker-target_localhost-19" daemon [_thread_blocked, id=7940, stack(0x000000578a100000,0x000000578a200000) (1024K)]
  0x000001e44801a680 JavaThread "TaskAcceptor-localhost"     daemon [_thread_blocked, id=16120, stack(0x000000578a200000,0x000000578a300000) (1024K)]
  0x000001e44801b3a0 JavaThread "TaskNonBatchingWorker-localhost-0" daemon [_thread_blocked, id=13556, stack(0x000000578a300000,0x000000578a400000) (1024K)]
  0x000001e44801ba30 JavaThread "Eureka-PeerNodesUpdater"    daemon [_thread_blocked, id=4356, stack(0x000000578a400000,0x000000578a500000) (1024K)]
  0x000001e44801c750 JavaThread "Eureka-CacheFillTimer"      daemon [_thread_blocked, id=10904, stack(0x000000578a500000,0x000000578a600000) (1024K)]
  0x000001e44801c0c0 JavaThread "http-nio-8761-exec-1"       daemon [_thread_blocked, id=6692, stack(0x000000578a700000,0x000000578a800000) (1024K)]
  0x000001e448017200 JavaThread "http-nio-8761-exec-2"       daemon [_thread_blocked, id=4912, stack(0x000000578a800000,0x000000578a900000) (1024K)]
  0x000001e445932d20 JavaThread "http-nio-8761-exec-3"       daemon [_thread_blocked, id=13904, stack(0x000000578a900000,0x000000578aa00000) (1024K)]
  0x000001e4459340d0 JavaThread "http-nio-8761-exec-4"       daemon [_thread_blocked, id=13632, stack(0x000000578aa00000,0x000000578ab00000) (1024K)]
  0x000001e445936ec0 JavaThread "http-nio-8761-exec-5"       daemon [_thread_blocked, id=13960, stack(0x000000578ab00000,0x000000578ac00000) (1024K)]
=>0x000001e4459333b0 JavaThread "http-nio-8761-exec-6"       daemon [_thread_in_vm, id=16168, stack(0x000000578ac00000,0x000000578ad00000) (1024K)]
  0x000001e445936830 JavaThread "http-nio-8761-exec-7"       daemon [_thread_blocked, id=15480, stack(0x000000578ad00000,0x000000578ae00000) (1024K)]
  0x000001e445933a40 JavaThread "http-nio-8761-exec-8"       daemon [_thread_blocked, id=2796, stack(0x000000578ae00000,0x000000578af00000) (1024K)]
  0x000001e445932690 JavaThread "http-nio-8761-exec-9"       daemon [_thread_blocked, id=4848, stack(0x000000578af00000,0x000000578b000000) (1024K)]
  0x000001e4459312e0 JavaThread "http-nio-8761-exec-10"      daemon [_thread_blocked, id=9196, stack(0x000000578b000000,0x000000578b100000) (1024K)]
  0x000001e445932000 JavaThread "http-nio-8761-Poller"       daemon [_thread_in_native, id=15576, stack(0x000000578b100000,0x000000578b200000) (1024K)]
  0x000001e445935480 JavaThread "http-nio-8761-Acceptor"     daemon [_thread_in_native, id=1432, stack(0x000000578b200000,0x000000578b300000) (1024K)]
  0x000001e445934760 JavaThread "DestroyJavaVM"                     [_thread_blocked, id=2808, stack(0x0000005785f00000,0x0000005786000000) (1024K)]
  0x000001e4459305c0 JavaThread "RMI TCP Connection(idle)"   daemon [_thread_blocked, id=2076, stack(0x0000005787a00000,0x0000005787b00000) (1024K)]
  0x000001e445934df0 JavaThread "RMI TCP Connection(idle)"   daemon [_thread_blocked, id=6088, stack(0x0000005787900000,0x0000005787a00000) (1024K)]
  0x000001e445930c50 JavaThread "Keep-Alive-Timer"           daemon [_thread_blocked, id=944, stack(0x000000578b800000,0x000000578b900000) (1024K)]
  0x000001e445937be0 JavaThread "DiscoveryClient-CacheRefreshExecutor-%d" daemon [_thread_blocked, id=16268, stack(0x000000578b300000,0x000000578b400000) (1024K)]
  0x000001e445937550 JavaThread "DiscoveryClient-HeartbeatExecutor-%d" daemon [_thread_blocked, id=5336, stack(0x000000578b400000,0x000000578b500000) (1024K)]
Total: 73

Other Threads:
  0x000001e47bde6e20 VMThread "VM Thread"                           [id=8832, stack(0x0000005786600000,0x0000005786700000) (1024K)]
  0x000001e47bdd0710 WatcherThread "VM Periodic Task Thread"        [id=632, stack(0x0000005786500000,0x0000005786600000) (1024K)]
  0x000001e46bf90bc0 WorkerThread "GC Thread#0"                     [id=16176, stack(0x0000005786000000,0x0000005786100000) (1024K)]
  0x000001e4458b7440 WorkerThread "GC Thread#1"                     [id=3104, stack(0x0000005787300000,0x0000005787400000) (1024K)]
  0x000001e4458b77f0 WorkerThread "GC Thread#2"                     [id=13832, stack(0x0000005787400000,0x0000005787500000) (1024K)]
  0x000001e4458d53f0 WorkerThread "GC Thread#3"                     [id=10348, stack(0x0000005787500000,0x0000005787600000) (1024K)]
  0x000001e46bfa1ad0 ConcurrentGCThread "G1 Main Marker"            [id=11588, stack(0x0000005786100000,0x0000005786200000) (1024K)]
  0x000001e46bfa30b0 WorkerThread "G1 Conc#0"                       [id=7104, stack(0x0000005786200000,0x0000005786300000) (1024K)]
  0x000001e47bc91560 ConcurrentGCThread "G1 Refine#0"               [id=5408, stack(0x0000005786300000,0x0000005786400000) (1024K)]
  0x000001e47bc92ea0 ConcurrentGCThread "G1 Service"                [id=17332, stack(0x0000005786400000,0x0000005786500000) (1024K)]
Total: 10

Threads with active compile tasks:
C1 CompilerThread0  49806 7112       1       freemarker.core.FMParserTokenManager::TokenLexicalActions (5546 bytes)
Total: 1

VM state: not at safepoint (normal execution)

VM Mutex/Monitor currently owned by a thread: None

Heap address: 0x0000000081200000, size: 2030 MB, Compressed Oops mode: 32-bit

CDS archive(s) mapped at: [0x000001e400000000-0x000001e400c50000-0x000001e400c50000), size 12910592, SharedBaseAddress: 0x000001e400000000, ArchiveRelocationMode: 1.
Compressed class space mapped at: 0x000001e401000000-0x000001e441000000, reserved size: 1073741824
Narrow klass base: 0x000001e400000000, Narrow klass shift: 0, Narrow klass range: 0x41000000

GC Precious Log:
 CardTable entry size: 512
 Card Set container configuration: InlinePtr #cards 5 size 8 Array Of Cards #cards 12 size 40 Howl #buckets 4 coarsen threshold 1843 Howl Bitmap #cards 512 size 80 coarsen threshold 460 Card regions per heap region 1 cards per card region 2048
 CPUs: 4 total, 4 available
 Memory: 8113M
 Large Page Support: Disabled
 NUMA Support: Disabled
 Compressed Oops: Enabled (32-bit)
 Heap Region Size: 1M
 Heap Min Capacity: 8M
 Heap Initial Capacity: 128M
 Heap Max Capacity: 2030M
 Pre-touch: Disabled
 Parallel Workers: 4
 Concurrent Workers: 1
 Concurrent Refinement Workers: 4
 Periodic GC: Disabled

Heap:
 garbage-first heap   total reserved 2078720K, committed 82944K, used 58801K [0x0000000081200000, 0x0000000100000000)
  region size 1024K, 21 young (21504K), 3 survivors (3072K)
 Metaspace       used 58272K, committed 59200K, reserved 1114112K
  class space    used 8548K, committed 8960K, reserved 1048576K

Heap Regions: E=young(eden), S=young(survivor), O=old, HS=humongous(starts), HC=humongous(continues), CS=collection set, F=free, TAMS=top-at-mark-start, PB=parsable bottom
|   0|0x0000000081200000, 0x0000000081300000, 0x0000000081300000|100%|HS|  |TAMS 0x0000000081200000| PB 0x0000000081200000| Complete |  0
|   1|0x0000000081300000, 0x0000000081400000, 0x0000000081400000|100%| O|  |TAMS 0x0000000081300000| PB 0x0000000081300000| Untracked |  0
|   2|0x0000000081400000, 0x0000000081500000, 0x0000000081500000|100%| O|  |TAMS 0x0000000081400000| PB 0x0000000081400000| Untracked |  0
|   3|0x0000000081500000, 0x0000000081600000, 0x0000000081600000|100%| O|  |TAMS 0x0000000081500000| PB 0x0000000081500000| Untracked |  0
|   4|0x0000000081600000, 0x0000000081700000, 0x0000000081700000|100%| O|  |TAMS 0x0000000081600000| PB 0x0000000081600000| Untracked |  0
|   5|0x0000000081700000, 0x0000000081800000, 0x0000000081800000|100%| O|  |TAMS 0x0000000081700000| PB 0x0000000081700000| Untracked |  0
|   6|0x0000000081800000, 0x0000000081900000, 0x0000000081900000|100%| O|  |TAMS 0x0000000081800000| PB 0x0000000081800000| Untracked |  0
|   7|0x0000000081900000, 0x0000000081a00000, 0x0000000081a00000|100%| O|  |TAMS 0x0000000081900000| PB 0x0000000081900000| Untracked |  0
|   8|0x0000000081a00000, 0x0000000081b00000, 0x0000000081b00000|100%| O|  |TAMS 0x0000000081a00000| PB 0x0000000081a00000| Untracked |  0
|   9|0x0000000081b00000, 0x0000000081c00000, 0x0000000081c00000|100%| O|  |TAMS 0x0000000081b00000| PB 0x0000000081b00000| Untracked |  0
|  10|0x0000000081c00000, 0x0000000081d00000, 0x0000000081d00000|100%| O|  |TAMS 0x0000000081c00000| PB 0x0000000081c00000| Untracked |  0
|  11|0x0000000081d00000, 0x0000000081e00000, 0x0000000081e00000|100%| O|  |TAMS 0x0000000081d00000| PB 0x0000000081d00000| Untracked |  0
|  12|0x0000000081e00000, 0x0000000081f00000, 0x0000000081f00000|100%| O|  |TAMS 0x0000000081e00000| PB 0x0000000081e00000| Untracked |  0
|  13|0x0000000081f00000, 0x0000000082000000, 0x0000000082000000|100%| O|  |TAMS 0x0000000081f00000| PB 0x0000000081f00000| Untracked |  0
|  14|0x0000000082000000, 0x0000000082100000, 0x0000000082100000|100%| O|  |TAMS 0x0000000082000000| PB 0x0000000082000000| Untracked |  0
|  15|0x0000000082100000, 0x0000000082200000, 0x0000000082200000|100%| O|  |TAMS 0x0000000082100000| PB 0x0000000082100000| Untracked |  0
|  16|0x0000000082200000, 0x0000000082300000, 0x0000000082300000|100%| O|  |TAMS 0x0000000082200000| PB 0x0000000082200000| Untracked |  0
|  17|0x0000000082300000, 0x0000000082400000, 0x0000000082400000|100%| O|  |TAMS 0x0000000082300000| PB 0x0000000082300000| Untracked |  0
|  18|0x0000000082400000, 0x0000000082500000, 0x0000000082500000|100%| O|  |TAMS 0x0000000082400000| PB 0x0000000082400000| Untracked |  0
|  19|0x0000000082500000, 0x0000000082600000, 0x0000000082600000|100%| O|  |TAMS 0x0000000082500000| PB 0x0000000082500000| Untracked |  0
|  20|0x0000000082600000, 0x0000000082700000, 0x0000000082700000|100%| O|  |TAMS 0x0000000082600000| PB 0x0000000082600000| Untracked |  0
|  21|0x0000000082700000, 0x0000000082800000, 0x0000000082800000|100%| O|  |TAMS 0x0000000082700000| PB 0x0000000082700000| Untracked |  0
|  22|0x0000000082800000, 0x0000000082900000, 0x0000000082900000|100%| O|  |TAMS 0x0000000082800000| PB 0x0000000082800000| Untracked |  0
|  23|0x0000000082900000, 0x0000000082a00000, 0x0000000082a00000|100%| O|  |TAMS 0x0000000082900000| PB 0x0000000082900000| Untracked |  0
|  24|0x0000000082a00000, 0x0000000082b00000, 0x0000000082b00000|100%| O|  |TAMS 0x0000000082a00000| PB 0x0000000082a00000| Untracked |  0
|  25|0x0000000082b00000, 0x0000000082c00000, 0x0000000082c00000|100%| O|  |TAMS 0x0000000082b00000| PB 0x0000000082b00000| Untracked |  0
|  26|0x0000000082c00000, 0x0000000082d00000, 0x0000000082d00000|100%| O|  |TAMS 0x0000000082c00000| PB 0x0000000082c00000| Untracked |  0
|  27|0x0000000082d00000, 0x0000000082e00000, 0x0000000082e00000|100%| O|  |TAMS 0x0000000082d00000| PB 0x0000000082d00000| Untracked |  0
|  28|0x0000000082e00000, 0x0000000082f00000, 0x0000000082f00000|100%| O|  |TAMS 0x0000000082e00000| PB 0x0000000082e00000| Untracked |  0
|  29|0x0000000082f00000, 0x0000000083000000, 0x0000000083000000|100%| O|  |TAMS 0x0000000082f00000| PB 0x0000000082f00000| Untracked |  0
|  30|0x0000000083000000, 0x0000000083100000, 0x0000000083100000|100%| O|  |TAMS 0x0000000083000000| PB 0x0000000083000000| Untracked |  0
|  31|0x0000000083100000, 0x0000000083200000, 0x0000000083200000|100%| O|  |TAMS 0x0000000083100000| PB 0x0000000083100000| Untracked |  0
|  32|0x0000000083200000, 0x0000000083300000, 0x0000000083300000|100%| O|  |TAMS 0x0000000083200000| PB 0x0000000083200000| Untracked |  0
|  33|0x0000000083300000, 0x0000000083400000, 0x0000000083400000|100%| O|  |TAMS 0x0000000083300000| PB 0x0000000083300000| Untracked |  0
|  34|0x0000000083400000, 0x0000000083400000, 0x0000000083500000|  0%| F|  |TAMS 0x0000000083400000| PB 0x0000000083400000| Untracked |  0
|  35|0x0000000083500000, 0x0000000083600000, 0x0000000083600000|100%| O|  |TAMS 0x0000000083500000| PB 0x0000000083500000| Untracked |  0
|  36|0x0000000083600000, 0x0000000083700000, 0x0000000083700000|100%| O|  |TAMS 0x0000000083600000| PB 0x0000000083600000| Untracked |  0
|  37|0x0000000083700000, 0x0000000083700000, 0x0000000083800000|  0%| F|  |TAMS 0x0000000083700000| PB 0x0000000083700000| Untracked |  0
|  38|0x0000000083800000, 0x0000000083800000, 0x0000000083900000|  0%| F|  |TAMS 0x0000000083800000| PB 0x0000000083800000| Untracked |  0
|  39|0x0000000083900000, 0x0000000083998d00, 0x0000000083a00000| 59%| O|  |TAMS 0x0000000083900000| PB 0x0000000083900000| Untracked |  0
|  40|0x0000000083a00000, 0x0000000083a00000, 0x0000000083b00000|  0%| F|  |TAMS 0x0000000083a00000| PB 0x0000000083a00000| Untracked |  0
|  41|0x0000000083b00000, 0x0000000083b00000, 0x0000000083c00000|  0%| F|  |TAMS 0x0000000083b00000| PB 0x0000000083b00000| Untracked |  0
|  42|0x0000000083c00000, 0x0000000083c00000, 0x0000000083d00000|  0%| F|  |TAMS 0x0000000083c00000| PB 0x0000000083c00000| Untracked |  0
|  43|0x0000000083d00000, 0x0000000083d00000, 0x0000000083e00000|  0%| F|  |TAMS 0x0000000083d00000| PB 0x0000000083d00000| Untracked |  0
|  44|0x0000000083e00000, 0x0000000083e00000, 0x0000000083f00000|  0%| F|  |TAMS 0x0000000083e00000| PB 0x0000000083e00000| Untracked |  0
|  45|0x0000000083f00000, 0x0000000083fd3920, 0x0000000084000000| 82%| S|CS|TAMS 0x0000000083f00000| PB 0x0000000083f00000| Complete |  0
|  46|0x0000000084000000, 0x0000000084100000, 0x0000000084100000|100%| S|CS|TAMS 0x0000000084000000| PB 0x0000000084000000| Complete |  0
|  47|0x0000000084100000, 0x0000000084200000, 0x0000000084200000|100%| S|CS|TAMS 0x0000000084100000| PB 0x0000000084100000| Complete |  0
|  48|0x0000000084200000, 0x0000000084200000, 0x0000000084300000|  0%| F|  |TAMS 0x0000000084200000| PB 0x0000000084200000| Untracked |  0
|  49|0x0000000084300000, 0x0000000084300000, 0x0000000084400000|  0%| F|  |TAMS 0x0000000084300000| PB 0x0000000084300000| Untracked |  0
|  50|0x0000000084400000, 0x0000000084400000, 0x0000000084500000|  0%| F|  |TAMS 0x0000000084400000| PB 0x0000000084400000| Untracked |  0
|  51|0x0000000084500000, 0x0000000084500000, 0x0000000084600000|  0%| F|  |TAMS 0x0000000084500000| PB 0x0000000084500000| Untracked |  0
|  52|0x0000000084600000, 0x0000000084600000, 0x0000000084700000|  0%| F|  |TAMS 0x0000000084600000| PB 0x0000000084600000| Untracked |  0
|  53|0x0000000084700000, 0x0000000084700000, 0x0000000084800000|  0%| F|  |TAMS 0x0000000084700000| PB 0x0000000084700000| Untracked |  0
|  54|0x0000000084800000, 0x0000000084800000, 0x0000000084900000|  0%| F|  |TAMS 0x0000000084800000| PB 0x0000000084800000| Untracked |  0
|  55|0x0000000084900000, 0x0000000084900000, 0x0000000084a00000|  0%| F|  |TAMS 0x0000000084900000| PB 0x0000000084900000| Untracked |  0
|  56|0x0000000084a00000, 0x0000000084a00000, 0x0000000084b00000|  0%| F|  |TAMS 0x0000000084a00000| PB 0x0000000084a00000| Untracked |  0
|  57|0x0000000084b00000, 0x0000000084b00000, 0x0000000084c00000|  0%| F|  |TAMS 0x0000000084b00000| PB 0x0000000084b00000| Untracked |  0
|  58|0x0000000084c00000, 0x0000000084c00000, 0x0000000084d00000|  0%| F|  |TAMS 0x0000000084c00000| PB 0x0000000084c00000| Untracked |  0
|  59|0x0000000084d00000, 0x0000000084d00000, 0x0000000084e00000|  0%| F|  |TAMS 0x0000000084d00000| PB 0x0000000084d00000| Untracked |  0
|  60|0x0000000084e00000, 0x0000000084e00000, 0x0000000084f00000|  0%| F|  |TAMS 0x0000000084e00000| PB 0x0000000084e00000| Untracked |  0
|  61|0x0000000084f00000, 0x0000000084f338e8, 0x0000000085000000| 20%| E|  |TAMS 0x0000000084f00000| PB 0x0000000084f00000| Complete |  0
|  62|0x0000000085000000, 0x0000000085100000, 0x0000000085100000|100%| E|CS|TAMS 0x0000000085000000| PB 0x0000000085000000| Complete |  0
|  63|0x0000000085100000, 0x0000000085200000, 0x0000000085200000|100%| E|CS|TAMS 0x0000000085100000| PB 0x0000000085100000| Complete |  0
|  64|0x0000000085200000, 0x0000000085300000, 0x0000000085300000|100%| E|CS|TAMS 0x0000000085200000| PB 0x0000000085200000| Complete |  0
|  65|0x0000000085300000, 0x0000000085400000, 0x0000000085400000|100%| E|CS|TAMS 0x0000000085300000| PB 0x0000000085300000| Complete |  0
|  66|0x0000000085400000, 0x0000000085500000, 0x0000000085500000|100%| E|CS|TAMS 0x0000000085400000| PB 0x0000000085400000| Complete |  0
|  67|0x0000000085500000, 0x0000000085600000, 0x0000000085600000|100%| E|  |TAMS 0x0000000085500000| PB 0x0000000085500000| Complete |  0
|  68|0x0000000085600000, 0x0000000085700000, 0x0000000085700000|100%| E|CS|TAMS 0x0000000085600000| PB 0x0000000085600000| Complete |  0
|  69|0x0000000085700000, 0x0000000085800000, 0x0000000085800000|100%| E|CS|TAMS 0x0000000085700000| PB 0x0000000085700000| Complete |  0
|  70|0x0000000085800000, 0x0000000085900000, 0x0000000085900000|100%| E|CS|TAMS 0x0000000085800000| PB 0x0000000085800000| Complete |  0
|  71|0x0000000085900000, 0x0000000085a00000, 0x0000000085a00000|100%| E|CS|TAMS 0x0000000085900000| PB 0x0000000085900000| Complete |  0
|  72|0x0000000085a00000, 0x0000000085b00000, 0x0000000085b00000|100%| E|CS|TAMS 0x0000000085a00000| PB 0x0000000085a00000| Complete |  0
|  73|0x0000000085b00000, 0x0000000085c00000, 0x0000000085c00000|100%| E|CS|TAMS 0x0000000085b00000| PB 0x0000000085b00000| Complete |  0
|  74|0x0000000085c00000, 0x0000000085d00000, 0x0000000085d00000|100%| E|CS|TAMS 0x0000000085c00000| PB 0x0000000085c00000| Complete |  0
|  75|0x0000000085d00000, 0x0000000085e00000, 0x0000000085e00000|100%| E|CS|TAMS 0x0000000085d00000| PB 0x0000000085d00000| Complete |  0
|  76|0x0000000085e00000, 0x0000000085f00000, 0x0000000085f00000|100%| E|CS|TAMS 0x0000000085e00000| PB 0x0000000085e00000| Complete |  0
|  77|0x0000000085f00000, 0x0000000086000000, 0x0000000086000000|100%| E|CS|TAMS 0x0000000085f00000| PB 0x0000000085f00000| Complete |  0
| 127|0x0000000089100000, 0x0000000089200000, 0x0000000089200000|100%| E|CS|TAMS 0x0000000089100000| PB 0x0000000089100000| Complete |  0
|2028|0x00000000ffe00000, 0x00000000fff00000, 0x00000000fff00000|100%| O|  |TAMS 0x00000000ffe00000| PB 0x00000000ffe00000| Untracked |  0
|2029|0x00000000fff00000, 0x0000000100000000, 0x0000000100000000|100%| O|  |TAMS 0x00000000fff00000| PB 0x00000000fff00000| Untracked |  0

Card table byte_map: [0x000001e477670000,0x000001e477a70000] _byte_map_base: 0x000001e477267000

Marking Bits: (CMBitMap*) 0x000001e46bf911e0
 Bits: [0x000001e477a70000, 0x000001e479a28000)

Polling page: 0x000001e469ef0000

Metaspace:

Usage:
  Non-class:     48.56 MB used.
      Class:      8.35 MB used.
       Both:     56.91 MB used.

Virtual space:
  Non-class space:       64.00 MB reserved,      49.06 MB ( 77%) committed,  1 nodes.
      Class space:        1.00 GB reserved,       8.75 MB ( <1%) committed,  1 nodes.
             Both:        1.06 GB reserved,      57.81 MB (  5%) committed. 

Chunk freelists:
   Non-Class:  14.52 MB
       Class:  7.28 MB
        Both:  21.80 MB

MaxMetaspaceSize: unlimited
CompressedClassSpaceSize: 1.00 GB
Initial GC threshold: 21.00 MB
Current GC threshold: 74.94 MB
CDS: on
 - commit_granule_bytes: 65536.
 - commit_granule_words: 8192.
 - virtual_space_node_default_size: 8388608.
 - enlarge_chunks_in_place: 1.
 - use_allocation_guard: 0.


Internal statistics:

num_allocs_failed_limit: 6.
num_arena_births: 1260.
num_arena_deaths: 0.
num_vsnodes_births: 2.
num_vsnodes_deaths: 0.
num_space_committed: 925.
num_space_uncommitted: 0.
num_chunks_returned_to_freelist: 6.
num_chunks_taken_from_freelist: 3361.
num_chunk_merges: 3.
num_chunk_splits: 2301.
num_chunks_enlarged: 1683.
num_inconsistent_stats: 0.

CodeCache: size=49152Kb used=12510Kb max_used=13354Kb free=36642Kb
 bounds [0x000001e474270000, 0x000001e474f80000, 0x000001e477270000]
 total_blobs=7703 nmethods=7012 adapters=613
 compilation: enabled
              stopped_count=0, restarted_count=0
 full_count=0

Compilation events (20 events):
Event: 49.669 Thread 0x000001e47be096b0 nmethod 7096 0x000001e4743ff690 code [0x000001e4743ff900, 0x000001e474400050]
Event: 49.669 Thread 0x000001e47be096b0 7097       1       freemarker.core.FMParserTokenManager::jjCheckNAdd (41 bytes)
Event: 49.669 Thread 0x000001e47be096b0 nmethod 7097 0x000001e4743ff290 code [0x000001e4743ff420, 0x000001e4743ff560]
Event: 49.676 Thread 0x000001e47be096b0 7098       1       freemarker.core.SimpleCharStream::readChar (89 bytes)
Event: 49.676 Thread 0x000001e47be096b0 nmethod 7098 0x000001e4743fed90 code [0x000001e4743fef40, 0x000001e4743ff140]
Event: 49.676 Thread 0x000001e47be096b0 7099       1       freemarker.core.SimpleCharStream::UpdateLineColumn (195 bytes)
Event: 49.677 Thread 0x000001e47be096b0 nmethod 7099 0x000001e4743fe890 code [0x000001e4743fea20, 0x000001e4743fec10]
Event: 49.678 Thread 0x000001e47be096b0 7100       1       freemarker.core.FMParserTokenManager::jjCheckNAddStates (18 bytes)
Event: 49.678 Thread 0x000001e47be096b0 nmethod 7100 0x000001e4743fe490 code [0x000001e4743fe640, 0x000001e4743fe7a0]
Event: 49.758 Thread 0x000001e47be096b0 7101       1       freemarker.core.SimpleCharStream::BeginToken (20 bytes)
Event: 49.758 Thread 0x000001e47be096b0 nmethod 7101 0x000001e4743fe110 code [0x000001e4743fe2a0, 0x000001e4743fe3a8]
Event: 49.758 Thread 0x000001e47be096b0 7102   !   1       freemarker.core.FMParserTokenManager::getNextToken (615 bytes)
Event: 49.760 Thread 0x000001e47be096b0 nmethod 7102 0x000001e4743fca10 code [0x000001e4743fcd40, 0x000001e4743fd930]
Event: 49.760 Thread 0x000001e47be096b0 7107       1       freemarker.core.FMParser::jj_ntk_f (52 bytes)
Event: 49.761 Thread 0x000001e47be096b0 nmethod 7107 0x000001e4743fc510 code [0x000001e4743fc6c0, 0x000001e4743fc8d0]
Event: 49.761 Thread 0x000001e47be096b0 7103       1       freemarker.core.FMParserTokenManager::jjFillToken (97 bytes)
Event: 49.761 Thread 0x000001e47be096b0 nmethod 7103 0x000001e4743fbe10 code [0x000001e4743fbfc0, 0x000001e4743fc290]
Event: 49.761 Thread 0x000001e47be096b0 7113       1       freemarker.core.FMParser::jj_consume_token (170 bytes)
Event: 49.762 Thread 0x000001e47be096b0 nmethod 7113 0x000001e4743fb690 code [0x000001e4743fb860, 0x000001e4743fbc00]
Event: 49.762 Thread 0x000001e47be096b0 7112       1       freemarker.core.FMParserTokenManager::TokenLexicalActions (5546 bytes)

GC Heap History (20 events):
Event: 4.677 GC heap before
{Heap before GC invocations=6 (full 0):
 garbage-first heap   total reserved 2078720K, committed 51200K, used 40786K [0x0000000081200000, 0x0000000100000000)
  region size 1024K, 26 young (26624K), 2 survivors (2048K)
 Metaspace       used 23922K, committed 24320K, reserved 1114112K
  class space    used 3266K, committed 3456K, reserved 1048576K
}
Event: 4.683 GC heap after
{Heap after GC invocations=7 (full 0):
 garbage-first heap   total reserved 2078720K, committed 51200K, used 17836K [0x0000000081200000, 0x0000000100000000)
  region size 1024K, 4 young (4096K), 4 survivors (4096K)
 Metaspace       used 23922K, committed 24320K, reserved 1114112K
  class space    used 3266K, committed 3456K, reserved 1048576K
}
Event: 5.427 GC heap before
{Heap before GC invocations=7 (full 0):
 garbage-first heap   total reserved 2078720K, committed 51200K, used 40364K [0x0000000081200000, 0x0000000100000000)
  region size 1024K, 27 young (27648K), 4 survivors (4096K)
 Metaspace       used 27410K, committed 27968K, reserved 1114112K
  class space    used 3801K, committed 4032K, reserved 1048576K
}
Event: 5.435 GC heap after
{Heap after GC invocations=8 (full 0):
 garbage-first heap   total reserved 2078720K, committed 51200K, used 20211K [0x0000000081200000, 0x0000000100000000)
  region size 1024K, 4 young (4096K), 4 survivors (4096K)
 Metaspace       used 27410K, committed 27968K, reserved 1114112K
  class space    used 3801K, committed 4032K, reserved 1048576K
}
Event: 5.782 GC heap before
{Heap before GC invocations=8 (full 0):
 garbage-first heap   total reserved 2078720K, committed 51200K, used 47859K [0x0000000081200000, 0x0000000100000000)
  region size 1024K, 26 young (26624K), 4 survivors (4096K)
 Metaspace       used 29219K, committed 29760K, reserved 1114112K
  class space    used 3988K, committed 4160K, reserved 1048576K
}
Event: 5.792 GC heap after
{Heap after GC invocations=9 (full 0):
 garbage-first heap   total reserved 2078720K, committed 67584K, used 24153K [0x0000000081200000, 0x0000000100000000)
  region size 1024K, 4 young (4096K), 4 survivors (4096K)
 Metaspace       used 29219K, committed 29760K, reserved 1114112K
  class space    used 3988K, committed 4160K, reserved 1048576K
}
Event: 6.415 GC heap before
{Heap before GC invocations=9 (full 0):
 garbage-first heap   total reserved 2078720K, committed 67584K, used 56921K [0x0000000081200000, 0x0000000100000000)
  region size 1024K, 35 young (35840K), 4 survivors (4096K)
 Metaspace       used 31262K, committed 31872K, reserved 1114112K
  class space    used 4296K, committed 4544K, reserved 1048576K
}
Event: 6.423 GC heap after
{Heap after GC invocations=10 (full 0):
 garbage-first heap   total reserved 2078720K, committed 67584K, used 26382K [0x0000000081200000, 0x0000000100000000)
  region size 1024K, 3 young (3072K), 3 survivors (3072K)
 Metaspace       used 31262K, committed 31872K, reserved 1114112K
  class space    used 4296K, committed 4544K, reserved 1048576K
}
Event: 7.262 GC heap before
{Heap before GC invocations=10 (full 0):
 garbage-first heap   total reserved 2078720K, committed 67584K, used 54030K [0x0000000081200000, 0x0000000100000000)
  region size 1024K, 31 young (31744K), 3 survivors (3072K)
 Metaspace       used 35226K, committed 35840K, reserved 1114112K
  class space    used 4906K, committed 5184K, reserved 1048576K
}
Event: 7.269 GC heap after
{Heap after GC invocations=11 (full 0):
 garbage-first heap   total reserved 2078720K, committed 67584K, used 27345K [0x0000000081200000, 0x0000000100000000)
  region size 1024K, 4 young (4096K), 4 survivors (4096K)
 Metaspace       used 35226K, committed 35840K, reserved 1114112K
  class space    used 4906K, committed 5184K, reserved 1048576K
}
Event: 7.975 GC heap before
{Heap before GC invocations=12 (full 0):
 garbage-first heap   total reserved 2078720K, committed 67584K, used 57041K [0x0000000081200000, 0x0000000100000000)
  region size 1024K, 33 young (33792K), 4 survivors (4096K)
 Metaspace       used 38307K, committed 38912K, reserved 1114112K
  class space    used 5401K, committed 5632K, reserved 1048576K
}
Event: 7.986 GC heap after
{Heap after GC invocations=13 (full 0):
 garbage-first heap   total reserved 2078720K, committed 67584K, used 31527K [0x0000000081200000, 0x0000000100000000)
  region size 1024K, 5 young (5120K), 5 survivors (5120K)
 Metaspace       used 38307K, committed 38912K, reserved 1114112K
  class space    used 5401K, committed 5632K, reserved 1048576K
}
Event: 8.878 GC heap before
{Heap before GC invocations=13 (full 0):
 garbage-first heap   total reserved 2078720K, committed 67584K, used 58151K [0x0000000081200000, 0x0000000100000000)
  region size 1024K, 31 young (31744K), 5 survivors (5120K)
 Metaspace       used 42063K, committed 42752K, reserved 1114112K
  class space    used 6026K, committed 6336K, reserved 1048576K
}
Event: 8.891 GC heap after
{Heap after GC invocations=14 (full 0):
 garbage-first heap   total reserved 2078720K, committed 68608K, used 35249K [0x0000000081200000, 0x0000000100000000)
  region size 1024K, 4 young (4096K), 4 survivors (4096K)
 Metaspace       used 42063K, committed 42752K, reserved 1114112K
  class space    used 6026K, committed 6336K, reserved 1048576K
}
Event: 9.588 GC heap before
{Heap before GC invocations=14 (full 0):
 garbage-first heap   total reserved 2078720K, committed 68608K, used 58801K [0x0000000081200000, 0x0000000100000000)
  region size 1024K, 27 young (27648K), 4 survivors (4096K)
 Metaspace       used 44582K, committed 45312K, reserved 1114112K
  class space    used 6472K, committed 6784K, reserved 1048576K
}
Event: 9.597 GC heap after
{Heap after GC invocations=15 (full 0):
 garbage-first heap   total reserved 2078720K, committed 82944K, used 36908K [0x0000000081200000, 0x0000000100000000)
  region size 1024K, 2 young (2048K), 2 survivors (2048K)
 Metaspace       used 44582K, committed 45312K, reserved 1114112K
  class space    used 6472K, committed 6784K, reserved 1048576K
}
Event: 10.757 GC heap before
{Heap before GC invocations=16 (full 0):
 garbage-first heap   total reserved 2078720K, committed 82944K, used 71724K [0x0000000081200000, 0x0000000100000000)
  region size 1024K, 37 young (37888K), 2 survivors (2048K)
 Metaspace       used 50056K, committed 50816K, reserved 1114112K
  class space    used 7251K, committed 7552K, reserved 1048576K
}
Event: 10.770 GC heap after
{Heap after GC invocations=17 (full 0):
 garbage-first heap   total reserved 2078720K, committed 82944K, used 40500K [0x0000000081200000, 0x0000000100000000)
  region size 1024K, 5 young (5120K), 5 survivors (5120K)
 Metaspace       used 50056K, committed 50816K, reserved 1114112K
  class space    used 7251K, committed 7552K, reserved 1048576K
}
Event: 12.499 GC heap before
{Heap before GC invocations=17 (full 0):
 garbage-first heap   total reserved 2078720K, committed 82944K, used 71220K [0x0000000081200000, 0x0000000100000000)
  region size 1024K, 36 young (36864K), 5 survivors (5120K)
 Metaspace       used 55044K, committed 55936K, reserved 1114112K
  class space    used 8014K, committed 8384K, reserved 1048576K
}
Event: 12.513 GC heap after
{Heap after GC invocations=18 (full 0):
 garbage-first heap   total reserved 2078720K, committed 82944K, used 42417K [0x0000000081200000, 0x0000000100000000)
  region size 1024K, 3 young (3072K), 3 survivors (3072K)
 Metaspace       used 55044K, committed 55936K, reserved 1114112K
  class space    used 8014K, committed 8384K, reserved 1048576K
}

Dll operation events (13 events):
Event: 0.011 Loaded shared library C:\Users\Administrator\.jdks\openjdk-22.0.1\bin\java.dll
Event: 0.245 Loaded shared library C:\Users\Administrator\.jdks\openjdk-22.0.1\bin\zip.dll
Event: 0.249 Loaded shared library C:\Users\Administrator\.jdks\openjdk-22.0.1\bin\instrument.dll
Event: 0.256 Loaded shared library C:\Users\Administrator\.jdks\openjdk-22.0.1\bin\net.dll
Event: 0.258 Loaded shared library C:\Users\Administrator\.jdks\openjdk-22.0.1\bin\nio.dll
Event: 0.262 Loaded shared library C:\Users\Administrator\.jdks\openjdk-22.0.1\bin\zip.dll
Event: 0.461 Loaded shared library C:\Program Files\JetBrains\IntelliJ IDEA 2024.1.2\bin\breakgen64.dll
Event: 0.468 Loaded shared library C:\Users\Administrator\.jdks\openjdk-22.0.1\bin\jimage.dll
Event: 0.482 Loaded shared library C:\Users\Administrator\.jdks\openjdk-22.0.1\bin\extnet.dll
Event: 0.495 Loaded shared library C:\Users\Administrator\.jdks\openjdk-22.0.1\bin\management.dll
Event: 0.512 Loaded shared library C:\Users\Administrator\.jdks\openjdk-22.0.1\bin\management_ext.dll
Event: 2.786 Loaded shared library C:\Users\Administrator\.jdks\openjdk-22.0.1\bin\sunmscapi.dll
Event: 6.131 Loaded shared library C:\Users\Administrator\.jdks\openjdk-22.0.1\bin\verify.dll

Deoptimization events (2 events):
Event: 10.782 Thread 0x000001e4463053f0 DEOPT PACKING pc=0x000001e474893fb9 sp=0x0000005787afb040
Event: 10.782 Thread 0x000001e4463053f0 DEOPT UNPACKING pc=0x000001e4742c4e42 sp=0x0000005787afa548 mode 3

Classes loaded (20 events):
Event: 40.358 Loading class java/util/zip/Deflater$DeflaterZStreamRef
Event: 40.358 Loading class java/util/zip/Deflater$DeflaterZStreamRef done
Event: 40.364 Loading class sun/net/www/http/KeepAliveStream
Event: 40.364 Loading class sun/net/www/http/Hurryable
Event: 40.365 Loading class sun/net/www/http/Hurryable done
Event: 40.365 Loading class sun/net/www/MeteredStream
Event: 40.365 Loading class sun/net/www/MeteredStream done
Event: 40.365 Loading class sun/net/www/http/KeepAliveStream done
Event: 40.365 Loading class sun/net/www/http/KeepAliveStreamCleaner
Event: 40.365 Loading class sun/net/www/http/KeepAliveStreamCleaner done
Event: 40.367 Loading class sun/net/www/http/KeepAliveStreamCleaner$1
Event: 40.367 Loading class sun/net/www/http/KeepAliveStreamCleaner$1 done
Event: 40.367 Loading class sun/net/www/http/KeepAliveStreamCleaner$2
Event: 40.367 Loading class sun/net/www/http/KeepAliveStreamCleaner$2 done
Event: 49.593 Loading class java/io/FilterReader
Event: 49.593 Loading class java/io/FilterReader done
Event: 49.602 Loading class javax/swing/tree/TreeNode
Event: 49.602 Loading class javax/swing/tree/TreeNode done
Event: 49.753 Loading class java/math/MathContext
Event: 49.754 Loading class java/math/MathContext done

Classes unloaded (0 events):
No events

Classes redefined (0 events):
No events

Internal exceptions (20 events):
Event: 9.610 Thread 0x000001e44577d8e0 Exception <a 'java/lang/NoSuchMethodError'{0x0000000089195698}: 'long java.lang.invoke.DirectMethodHandle$Holder.invokeStatic(java.lang.Object, java.lang.Object, java.lang.Object)'> (0x0000000089195698) 
thrown [s\open\src\hotspot\share\interpreter\linkResolver.cpp, line 774]
Event: 9.630 Thread 0x000001e4463053f0 Exception <a 'java/lang/NoSuchMethodError'{0x0000000085f3e860}: 'double java.lang.invoke.DirectMethodHandle$Holder.invokeStatic(java.lang.Object, java.lang.Object)'> (0x0000000085f3e860) 
thrown [s\open\src\hotspot\share\interpreter\linkResolver.cpp, line 774]
Event: 10.048 Thread 0x000001e4463053f0 Exception <a 'java/lang/NoSuchMethodError'{0x00000000850eb3d0}: 'double java.lang.invoke.DirectMethodHandle$Holder.invokeVirtual(java.lang.Object, java.lang.Object)'> (0x00000000850eb3d0) 
thrown [s\open\src\hotspot\share\interpreter\linkResolver.cpp, line 774]
Event: 10.156 Thread 0x000001e4463053f0 Exception <a 'java/lang/NoSuchMethodError'{0x0000000084c4cf10}: 'java.lang.Object java.lang.invoke.DirectMethodHandle$Holder.invokeStaticInit(java.lang.Object, int)'> (0x0000000084c4cf10) 
thrown [s\open\src\hotspot\share\interpreter\linkResolver.cpp, line 774]
Event: 10.303 Thread 0x000001e4463053f0 Exception <a 'java/net/ConnectException'{0x0000000084994dd8}: Connection refused: getsockopt> (0x0000000084994dd8) 
thrown [s\open\src\hotspot\share\prims\jni.cpp, line 539]
Event: 10.463 Thread 0x000001e4463053f0 Exception <a 'sun/nio/fs/WindowsException'{0x00000000845de5d8}> (0x00000000845de5d8) 
thrown [s\open\src\hotspot\share\prims\jni.cpp, line 520]
Event: 10.895 Thread 0x000001e4463053f0 Exception <a 'java/lang/NoSuchMethodError'{0x0000000085e6c430}: 'java.lang.Object java.lang.invoke.DirectMethodHandle$Holder.newInvokeSpecial(java.lang.Object, java.lang.Object, java.lang.Object, long, long)'> (0x0000000085e6c430) 
thrown [s\open\src\hotspot\share\interpreter\linkResolver.cpp, line 774]
Event: 10.895 Thread 0x000001e4463053f0 Exception <a 'java/lang/NoSuchMethodError'{0x0000000085e709a0}: 'java.lang.Object java.lang.invoke.DirectMethodHandle$Holder.invokeSpecial(java.lang.Object, java.lang.Object, java.lang.Object, java.lang.Object, long, long)'> (0x0000000085e709a0) 
thrown [s\open\src\hotspot\share\interpreter\linkResolver.cpp, line 774]
Event: 10.906 Thread 0x000001e4463053f0 Exception <a 'java/lang/NoSuchMethodError'{0x0000000085d08e48}: 'java.lang.Object java.lang.invoke.DirectMethodHandle$Holder.invokeStatic(java.lang.Object, java.lang.Object, java.lang.Object, java.lang.Object, java.lang.Object, java.lang.Object, int)'> (0x0000000085d08e48) 
thrown [s\open\src\hotspot\share\interpreter\linkResolver.cpp, line 774]
Event: 10.945 Thread 0x000001e4463053f0 Exception <a 'java/lang/NoSuchMethodError'{0x0000000085bb98d0}: 'java.lang.Object java.lang.invoke.DirectMethodHandle$Holder.invokeVirtual(java.lang.Object, java.lang.Object, java.lang.Object, java.lang.Object, java.lang.Object, java.lang.Object, java.lang.Object, java.lang.Object, java.lang.Object)'> (0x0000000085bb98d0) 
thrown [s\open\src\hotspot\share\interpreter\linkResolver.cpp, line 774]
Event: 11.153 Thread 0x000001e4463053f0 Exception <a 'java/lang/NoSuchMethodError'{0x0000000085890d60}: 'void java.lang.invoke.DirectMethodHandle$Holder.invokeStatic(java.lang.Object, java.lang.Object, double)'> (0x0000000085890d60) 
thrown [s\open\src\hotspot\share\interpreter\linkResolver.cpp, line 774]
Event: 11.163 Thread 0x000001e4463053f0 Exception <a 'java/lang/NoSuchMethodError'{0x00000000858e1b20}: 'double java.lang.invoke.DirectMethodHandle$Holder.invokeStatic(java.lang.Object, java.lang.Object, java.lang.Object)'> (0x00000000858e1b20) 
thrown [s\open\src\hotspot\share\interpreter\linkResolver.cpp, line 774]
Event: 11.179 Thread 0x000001e4463053f0 Exception <a 'java/lang/NoSuchMethodError'{0x0000000085755898}: 'java.lang.Object java.lang.invoke.DirectMethodHandle$Holder.newInvokeSpecial(java.lang.Object, java.lang.Object, int, java.lang.Object, java.lang.Object)'> (0x0000000085755898) 
thrown [s\open\src\hotspot\share\interpreter\linkResolver.cpp, line 774]
Event: 11.281 Thread 0x000001e447e2e4f0 Exception <a 'java/lang/NoSuchMethodError'{0x000000008523f158}: 'long java.lang.invoke.DelegatingMethodHandle$Holder.reinvoke_L(java.lang.Object, java.lang.Object)'> (0x000000008523f158) 
thrown [s\open\src\hotspot\share\interpreter\linkResolver.cpp, line 774]
Event: 11.341 Thread 0x000001e44801c0c0 Exception <a 'java/lang/NoSuchMethodError'{0x0000000084f17858}: 'java.lang.Object java.lang.invoke.DirectMethodHandle$Holder.invokeSpecial(java.lang.Object, java.lang.Object, java.lang.Object, java.lang.Object, java.lang.Object, long)'> (0x0000000084f17858) 
thrown [s\open\src\hotspot\share\interpreter\linkResolver.cpp, line 774]
Event: 11.342 Thread 0x000001e44801c0c0 Exception <a 'java/lang/NoSuchMethodError'{0x0000000084f1b028}: 'java.lang.Object java.lang.invoke.Invokers$Holder.linkToTargetMethod(java.lang.Object, java.lang.Object, java.lang.Object, long, java.lang.Object)'> (0x0000000084f1b028) 
thrown [s\open\src\hotspot\share\interpreter\linkResolver.cpp, line 774]
Event: 11.405 Thread 0x000001e445934df0 Exception <a 'java/lang/NoSuchMethodError'{0x0000000084ec8360}: 'java.lang.Object java.lang.invoke.DirectMethodHandle$Holder.invokeInterface(java.lang.Object, java.lang.Object, java.lang.Object, java.lang.Object, java.lang.Object, java.lang.Object, java.lang.Object)'> (0x0000000084ec8360) 
thrown [s\open\src\hotspot\share\interpreter\linkResolver.cpp, line 774]
Event: 12.715 Thread 0x000001e44703f6b0 Exception <a 'java/lang/NoSuchMethodError'{0x0000000085b189f0}: 'java.lang.Object java.lang.invoke.DelegatingMethodHandle$Holder.reinvoke_L(java.lang.Object, int, java.lang.Object)'> (0x0000000085b189f0) 
thrown [s\open\src\hotspot\share\interpreter\linkResolver.cpp, line 774]
Event: 40.336 Thread 0x000001e445932d20 Exception <a 'java/lang/NoSuchMethodError'{0x0000000085995998}: 'java.lang.Object java.lang.invoke.DirectMethodHandle$Holder.invokeVirtual(java.lang.Object, java.lang.Object, java.lang.Object, java.lang.Object, java.lang.Object, java.lang.Object, java.lang.Object, java.lang.Object)'> (0x0000000085995998) 
thrown [s\open\src\hotspot\share\interpreter\linkResolver.cpp, line 774]
Event: 49.751 Thread 0x000001e4459333b0 Exception <a 'java/lang/NoClassDefFoundError'{0x00000000850f8718}: org/python/core/PyException> (0x00000000850f8718) 
thrown [s\open\src\hotspot\share\classfile\systemDictionary.cpp, line 302]

ZGC Phase Switch (0 events):
No events

VM Operations (20 events):
Event: 32.520 Executing VM operation: Cleanup
Event: 32.520 Executing VM operation: Cleanup done
Event: 40.335 Executing VM operation: HandshakeAllThreads (Deoptimize)
Event: 40.335 Executing VM operation: HandshakeAllThreads (Deoptimize) done
Event: 40.335 Executing VM operation: Cleanup
Event: 40.335 Executing VM operation: Cleanup done
Event: 40.367 Executing VM operation: HandshakeAllThreads (Deoptimize)
Event: 40.367 Executing VM operation: HandshakeAllThreads (Deoptimize) done
Event: 41.367 Executing VM operation: Cleanup
Event: 41.367 Executing VM operation: Cleanup done
Event: 42.368 Executing VM operation: Cleanup
Event: 42.368 Executing VM operation: Cleanup done
Event: 46.369 Executing VM operation: Cleanup
Event: 46.370 Executing VM operation: Cleanup done
Event: 49.555 Executing VM operation: HandshakeAllThreads (Deoptimize)
Event: 49.555 Executing VM operation: HandshakeAllThreads (Deoptimize) done
Event: 49.555 Executing VM operation: Cleanup
Event: 49.555 Executing VM operation: Cleanup done
Event: 49.564 Executing VM operation: HandshakeAllThreads (Deoptimize)
Event: 49.564 Executing VM operation: HandshakeAllThreads (Deoptimize) done

Events (20 events):
Event: 11.411 Thread 0x000001e445937550 Thread added: 0x000001e445937550
Event: 11.419 Thread 0x000001e445931970 Thread added: 0x000001e445931970
Event: 11.421 Thread 0x000001e4459361a0 Thread exited: 0x000001e4459361a0
Event: 11.421 Thread 0x000001e445935b10 Thread exited: 0x000001e445935b10
Event: 11.465 Thread 0x000001e445937550 Thread exited: 0x000001e445937550
Event: 11.791 Thread 0x000001e445937550 Thread added: 0x000001e445937550
Event: 11.791 Thread 0x000001e445935b10 Thread added: 0x000001e445935b10
Event: 11.803 Thread 0x000001e445937be0 Thread added: 0x000001e445937be0
Event: 11.814 Thread 0x000001e4459361a0 Thread added: 0x000001e4459361a0
Event: 11.849 Thread 0x000001e445931970 Thread exited: 0x000001e445931970
Event: 12.014 Thread 0x000001e445937550 Thread exited: 0x000001e445937550
Event: 12.020 Thread 0x000001e445930c50 Thread added: 0x000001e445930c50
Event: 12.029 Thread 0x000001e445935b10 Thread exited: 0x000001e445935b10
Event: 12.029 Thread 0x000001e4459361a0 Thread exited: 0x000001e4459361a0
Event: 12.043 Thread 0x000001e445937be0 Thread exited: 0x000001e445937be0
Event: 17.985 Thread 0x000001e4458aab20 Thread exited: 0x000001e4458aab20
Event: 20.059 Thread 0x000001e4451b8480 Thread exited: 0x000001e4451b8480
Event: 40.317 Thread 0x000001e445937be0 Thread added: 0x000001e445937be0
Event: 40.317 Thread 0x000001e445937550 Thread added: 0x000001e445937550
Event: 41.245 Thread 0x000001e448016b70 Thread exited: 0x000001e448016b70


Dynamic libraries:
0x00007ff646a40000 - 0x00007ff646a4e000 	C:\Users\Administrator\.jdks\openjdk-22.0.1\bin\java.exe
0x00007ffac1fb0000 - 0x00007ffac2191000 	C:\Windows\SYSTEM32\ntdll.dll
0x00007ffac0200000 - 0x00007ffac02b2000 	C:\Windows\System32\KERNEL32.DLL
0x00007ffabe740000 - 0x00007ffabe9b3000 	C:\Windows\System32\KERNELBASE.dll
0x00007ffabf1a0000 - 0x00007ffabf29a000 	C:\Windows\System32\ucrtbase.dll
0x00007ffab98f0000 - 0x00007ffab9907000 	C:\Users\Administrator\.jdks\openjdk-22.0.1\bin\jli.dll
0x00007ffabfc80000 - 0x00007ffabfe10000 	C:\Windows\System32\USER32.dll
0x00007ffabf180000 - 0x00007ffabf1a0000 	C:\Windows\System32\win32u.dll
0x00007ffac00c0000 - 0x00007ffac00e8000 	C:\Windows\System32\GDI32.dll
0x00007ffabf2a0000 - 0x00007ffabf432000 	C:\Windows\System32\gdi32full.dll
0x00007ffabe460000 - 0x00007ffabe4ff000 	C:\Windows\System32\msvcp_win.dll
0x00007ffab98d0000 - 0x00007ffab98eb000 	C:\Users\Administrator\.jdks\openjdk-22.0.1\bin\VCRUNTIME140.dll
0x00007ffab4a70000 - 0x00007ffab4cd9000 	C:\Windows\WinSxS\amd64_microsoft.windows.common-controls_6595b64144ccf1df_6.0.17134.1_none_e4da93291059d8fb\COMCTL32.dll
0x00007ffac00f0000 - 0x00007ffac018e000 	C:\Windows\System32\msvcrt.dll
0x00007ffabf890000 - 0x00007ffabfbb3000 	C:\Windows\System32\combase.dll
0x00007ffac0740000 - 0x00007ffac0864000 	C:\Windows\System32\RPCRT4.dll
0x00007ffabe380000 - 0x00007ffabe3fa000 	C:\Windows\System32\bcryptPrimitives.dll
0x00007ffac0610000 - 0x00007ffac063d000 	C:\Windows\System32\IMM32.DLL
0x00007ffab97b0000 - 0x00007ffab97bc000 	C:\Users\Administrator\.jdks\openjdk-22.0.1\bin\vcruntime140_1.dll
0x00007ffaa86f0000 - 0x00007ffaa877e000 	C:\Users\Administrator\.jdks\openjdk-22.0.1\bin\msvcp140.dll
0x00007ffa4ec40000 - 0x00007ffa4f987000 	C:\Users\Administrator\.jdks\openjdk-22.0.1\bin\server\jvm.dll
0x00007ffabfbc0000 - 0x00007ffabfc61000 	C:\Windows\System32\ADVAPI32.dll
0x00007ffac0420000 - 0x00007ffac047b000 	C:\Windows\System32\sechost.dll
0x00007ffabe330000 - 0x00007ffabe37c000 	C:\Windows\System32\POWRPROF.dll
0x00007ffac0190000 - 0x00007ffac01fc000 	C:\Windows\System32\WS2_32.dll
0x00007ffaba1e0000 - 0x00007ffaba203000 	C:\Windows\SYSTEM32\WINMM.dll
0x00007ffaaef60000 - 0x00007ffaaef6a000 	C:\Windows\SYSTEM32\VERSION.dll
0x00007ffaba1b0000 - 0x00007ffaba1da000 	C:\Windows\SYSTEM32\winmmbase.dll
0x00007ffabe6f0000 - 0x00007ffabe739000 	C:\Windows\System32\cfgmgr32.dll
0x00007ffabe310000 - 0x00007ffabe321000 	C:\Windows\System32\kernel.appcore.dll
0x00007ffab97a0000 - 0x00007ffab97aa000 	C:\Users\Administrator\.jdks\openjdk-22.0.1\bin\jimage.dll
0x00007ffaaebf0000 - 0x00007ffaaedb9000 	C:\Windows\SYSTEM32\DBGHELP.DLL
0x00007ffaaeb60000 - 0x00007ffaaeb89000 	C:\Windows\SYSTEM32\dbgcore.DLL
0x00007ffab9d10000 - 0x00007ffab9d1f000 	C:\Users\Administrator\.jdks\openjdk-22.0.1\bin\instrument.dll
0x00007ffab9780000 - 0x00007ffab979e000 	C:\Users\Administrator\.jdks\openjdk-22.0.1\bin\java.dll
0x00007ffac09a0000 - 0x00007ffac1de0000 	C:\Windows\System32\SHELL32.dll
0x00007ffac0870000 - 0x00007ffac0919000 	C:\Windows\System32\shcore.dll
0x00007ffabea70000 - 0x00007ffabf17d000 	C:\Windows\System32\windows.storage.dll
0x00007ffac1f10000 - 0x00007ffac1f61000 	C:\Windows\System32\shlwapi.dll
0x00007ffabe2f0000 - 0x00007ffabe30f000 	C:\Windows\System32\profapi.dll
0x00007ffabe2c0000 - 0x00007ffabe2ca000 	C:\Windows\System32\FLTLIB.DLL
0x00007ffac02c0000 - 0x00007ffac0411000 	C:\Windows\System32\ole32.dll
0x00007ffaabdb0000 - 0x00007ffaabdc7000 	C:\Users\Administrator\.jdks\openjdk-22.0.1\bin\zip.dll
0x00007ffab2570000 - 0x00007ffab2580000 	C:\Users\Administrator\.jdks\openjdk-22.0.1\bin\net.dll
0x00007ffabdb40000 - 0x00007ffabdba6000 	C:\Windows\system32\mswsock.dll
0x00007ffab17e0000 - 0x00007ffab17f6000 	C:\Users\Administrator\.jdks\openjdk-22.0.1\bin\nio.dll
0x00007ffab3c30000 - 0x00007ffab3c4a000 	C:\Program Files\JetBrains\IntelliJ IDEA 2024.1.2\bin\breakgen64.dll
0x00007ffabd900000 - 0x00007ffabd9be000 	C:\Windows\SYSTEM32\DNSAPI.dll
0x00007ffac0600000 - 0x00007ffac0608000 	C:\Windows\System32\NSI.dll
0x00007ffabd8c0000 - 0x00007ffabd8f8000 	C:\Windows\SYSTEM32\IPHLPAPI.DLL
0x00007ffab3b30000 - 0x00007ffab3b3a000 	C:\Windows\System32\rasadhlp.dll
0x00007ffab4060000 - 0x00007ffab40d2000 	C:\Windows\System32\fwpuclnt.dll
0x00007ffabde20000 - 0x00007ffabde45000 	C:\Windows\SYSTEM32\bcrypt.dll
0x00007ffab22b0000 - 0x00007ffab22b9000 	C:\Users\Administrator\.jdks\openjdk-22.0.1\bin\extnet.dll
0x00007ffaaba10000 - 0x00007ffaaba1a000 	C:\Users\Administrator\.jdks\openjdk-22.0.1\bin\management.dll
0x00007ffaa8920000 - 0x00007ffaa892b000 	C:\Users\Administrator\.jdks\openjdk-22.0.1\bin\management_ext.dll
0x00007ffabfc70000 - 0x00007ffabfc78000 	C:\Windows\System32\PSAPI.DLL
0x00007ffabdd00000 - 0x00007ffabdd17000 	C:\Windows\SYSTEM32\CRYPTSP.dll
0x00007ffabd720000 - 0x00007ffabd753000 	C:\Windows\system32\rsaenh.dll
0x00007ffabe1c0000 - 0x00007ffabe1e8000 	C:\Windows\SYSTEM32\USERENV.dll
0x00007ffabdcf0000 - 0x00007ffabdcfb000 	C:\Windows\SYSTEM32\CRYPTBASE.dll
0x00007ffaacd20000 - 0x00007ffaacd36000 	C:\Windows\system32\napinsp.dll
0x00007ffaacd00000 - 0x00007ffaacd1a000 	C:\Windows\system32\pnrpnsp.dll
0x00007ffabb090000 - 0x00007ffabb0a9000 	C:\Windows\system32\NLAapi.dll
0x00007ffaaccf0000 - 0x00007ffaaccfe000 	C:\Windows\System32\winrnr.dll
0x00007ffaa7550000 - 0x00007ffaa755e000 	C:\Users\Administrator\.jdks\openjdk-22.0.1\bin\sunmscapi.dll
0x00007ffabe500000 - 0x00007ffabe6e2000 	C:\Windows\System32\CRYPT32.dll
0x00007ffabe2d0000 - 0x00007ffabe2e2000 	C:\Windows\System32\MSASN1.dll
0x00007ffabddf0000 - 0x00007ffabde16000 	C:\Windows\SYSTEM32\ncrypt.dll
0x00007ffabddb0000 - 0x00007ffabdde6000 	C:\Windows\SYSTEM32\NTASN1.dll
0x00007ffaaf920000 - 0x00007ffaaf930000 	C:\Users\Administrator\.jdks\openjdk-22.0.1\bin\verify.dll
0x00007ffab6000000 - 0x00007ffab6007000 	C:\Windows\system32\wshunix.dll

dbghelp: loaded successfully - version: 4.0.5 - missing functions: none
symbol engine: initialized successfully - sym options: 0x614 - pdb path: .;C:\Users\Administrator\.jdks\openjdk-22.0.1\bin;C:\Windows\SYSTEM32;C:\Windows\WinSxS\amd64_microsoft.windows.common-controls_6595b64144ccf1df_6.0.17134.1_none_e4da93291059d8fb;C:\Users\Administrator\.jdks\openjdk-22.0.1\bin\server;C:\Program Files\JetBrains\IntelliJ IDEA 2024.1.2\bin

VM Arguments:
jvm_args: -XX:TieredStopAtLevel=1 -Dspring.output.ansi.enabled=always -Dcom.sun.management.jmxremote -Dspring.jmx.enabled=true -Dspring.liveBeansView.mbeanDomain -Dspring.application.admin.enabled=true -Dmanagement.endpoints.jmx.exposure.include=* -javaagent:C:\Program Files\JetBrains\IntelliJ IDEA 2024.1.2\lib\idea_rt.jar=62324:C:\Program Files\JetBrains\IntelliJ IDEA 2024.1.2\bin -Dfile.encoding=UTF-8 -Dsun.stdout.encoding=UTF-8 -Dsun.stderr.encoding=UTF-8 
java_command: com.example.microservice_eureka.MicroserviceEurekaApplication
java_class_path (initial): C:\Users\Administrator\source\microservice_eureka\target\classes;C:\Users\Administrator\.m2\repository\org\springframework\boot\spring-boot-starter-web\3.3.2\spring-boot-starter-web-3.3.2.jar;C:\Users\Administrator\.m2\repository\org\springframework\boot\spring-boot-starter\3.3.2\spring-boot-starter-3.3.2.jar;C:\Users\Administrator\.m2\repository\org\springframework\boot\spring-boot-starter-logging\3.3.2\spring-boot-starter-logging-3.3.2.jar;C:\Users\Administrator\.m2\repository\ch\qos\logback\logback-classic\1.5.6\logback-classic-1.5.6.jar;C:\Users\Administrator\.m2\repository\ch\qos\logback\logback-core\1.5.6\logback-core-1.5.6.jar;C:\Users\Administrator\.m2\repository\org\apache\logging\log4j\log4j-to-slf4j\2.23.1\log4j-to-slf4j-2.23.1.jar;C:\Users\Administrator\.m2\repository\org\apache\logging\log4j\log4j-api\2.23.1\log4j-api-2.23.1.jar;C:\Users\Administrator\.m2\repository\org\slf4j\jul-to-slf4j\2.0.13\jul-to-slf4j-2.0.13.jar;C:\Users\Administrator\.m2\repository\jakarta\annotation\jakarta.annotation-api\2.1.1\jakarta.annotation-api-2.1.1.jar;C:\Users\Administrator\.m2\repository\org\yaml\snakeyaml\2.2\snakeyaml-2.2.jar;C:\Users\Administrator\.m2\repository\org\springframework\boot\spring-boot-starter-json\3.3.2\spring-boot-starter-json-3.3.2.jar;C:\Users\Administrator\.m2\repository\com\fasterxml\jackson\core\jackson-databind\2.17.2\jackson-databind-2.17.2.jar;C:\Users\Administrator\.m2\repository\com\fasterxml\jackson\core\jackson-annotations\2.17.2\jackson-annotations-2.17.2.jar;C:\Users\Administrator\.m2\repository\com\fasterxml\jackson\core\jackson-core\2.17.2\jackson-core-2.17.2.jar;C:\Users\Administrator\.m2\repository\com\fasterxml\jackson\datatype\jackson-datatype-jdk8\2.17.2\jackson-datatype-jdk8-2.17.2.jar;C:\Users\Administrator\.m2\repository\com\fasterxml\jackson\datatype\jackson-datatype-jsr310\2.17.2\jackson-datatype-jsr310-2.17.2.jar;C:\Users\Administrator\.m2\repository\com\fasterxml\jackson\module\jackson-module-parameter-names\2.17.2\jackson-module-parameter-names-2.17.2.jar;C:\Users\Administrator\.m2\repository\org\springframework\boot\spring-boot-starter-tomcat\3.3.2\spring-boot-starter-tomcat-3.3.2.jar;C:\Users\Administrator\.m2\repository\org\apache\tomcat\embed\tomcat-embed-core\10.1.26\tomcat-embed-core-10.1.26.jar;C:\Users\Administrator\.m2\repository\org\apache\tomcat\embed\tomcat-embed-el\10.1.26\tomcat-embed-el-10.1.26.jar;C:\Users\Administrator\.m2\repository\org\apache\tomcat\embed\tomcat-embed-websocket\10.1.26\tomcat-embed-websocket-10.1.26.jar;C:\Users\Administrator\.m2\repository\org\springframework\spring-web\6.1.11\spring-web-6.1.11.jar;C:\Users\Administrator\.m2\repository\org\springframework\spring-beans\6.1.11\spring-beans-6.1.11.jar;C:\Users\Administrator\.m2\repository\io\micrometer\micrometer-observation\1.13.2\micrometer-observation-1.13.2.jar;C:\Users\Administrator\.m2\repository\io\micrometer\micrometer-commons\1.13.2\micrometer-commons-1.13.2.jar;C:\Users\Administrator\.m2\repository\org\springframework\spring-webmvc\6.1.11\spring-webmvc-6.1.11.jar;C:\Users\Administrator\.m2\repository\org\springframework\spring-aop\6.1.11\spring-aop-6.1.11.jar;C:\Users\Administrator\.m2\repository\org\springframework\spring-context\6.1.11\spring-context-6.1.11.jar;C:\Users\Administrator\.m2\repository\org\springframework\spring-expression\6.1.11\spring-expression-6.1.11.jar;C:\Users\Administrator\.m2\repository\org\springframework\cloud\spring-cloud-starter-netflix-eureka-server\4.1.3\spring-cloud-starter-netflix-eureka-server-4.1.3.jar;C:\Users\Administrator\.m2\repository\org\springframework\cloud\spring-cloud-starter\4.1.4\spring-cloud-starter-4.1.4.jar;C:\Users\Administrator\.m2\repository\org\springframework\cloud\spring-cloud-context\4.1.4\spring-cloud-context-4.1.4.jar;C:\Users\Administrator\.m2\repository\org\springframework\security\spring-security-crypto\6.3.1\spring-security-crypto-6.3.1.jar;C:\Users\Administrator\.m2\repository\org\springframework\cloud\spring-cloud-commons\4.1.4\spring-cloud-commons-4.1.4.jar;C:\Users\Administrator\.m2\repository\org\springframework\security\spring-security-rsa\1.1.3\spring-security-rsa-1.1.3.jar;C:\Users\Administrator\.m2\repository\org\bouncycastle\bcprov-jdk18on\1.78\bcprov-jdk18on-1.78.jar;C:\Users\Administrator\.m2\repository\org\springframework\cloud\spring-cloud-netflix-eureka-server\4.1.3\spring-cloud-netflix-eureka-server-4.1.3.jar;C:\Users\Administrator\.m2\repository\org\springframework\boot\spring-boot-starter-actuator\3.3.2\spring-boot-starter-actuator-3.3.2.jar;C:\Users\Administrator\.m2\repository\org\springframework\boot\spring-boot-actuator-autoconfigure\3.3.2\spring-boot-actuator-autoconfigure-3.3.2.jar;C:\Users\Administrator\.m2\repository\org\springframework\boot\spring-boot-actuator\3.3.2\spring-boot-actuator-3.3.2.jar;C:\Users\Administrator\.m2\repository\io\micrometer\micrometer-jakarta9\1.13.2\micrometer-jakarta9-1.13.2.jar;C:\Users\Administrator\.m2\repository\io\micrometer\micrometer-core\1.13.2\micrometer-core-1.13.2.jar;C:\Users\Administrator\.m2\repository\org\hdrhistogram\HdrHistogram\2.2.2\HdrHistogram-2.2.2.jar;C:\Users\Administrator\.m2\repository\org\latencyutils\LatencyUtils\2.0.3\LatencyUtils-2.0.3.jar;C:\Users\Administrator\.m2\repository\org\springframework\boot\spring-boot-starter-freemarker\3.3.2\spring-boot-starter-freemarker-3.3.2.jar;C:\Users\Administrator\.m2\repository\org\freemarker\freemarker\2.3.33\freemarker-2.3.33.jar;C:\Users\Administrator\.m2\repository\org\springframework\spring-context-support\6.1.11\spring-context-support-6.1.11.jar;C:\Users\Administrator\.m2\repository\org\springframework\cloud\spring-cloud-netflix-eureka-client\4.1.3\spring-cloud-netflix-eureka-client-4.1.3.jar;C:\Users\Administrator\.m2\repository\com\netflix\eureka\eureka-client\2.0.3\eureka-client-2.0.3.jar;C:\Users\Administrator\.m2\repository\com\thoughtworks\xstream\xstream\1.4.20\xstream-1.4.20.jar;C:\Users\Administrator\.m2\repository\io\github\x-stream\mxparser\1.2.2\mxparser-1.2.2.jar;C:\Users\Administrator\.m2\repository\xmlpull\xmlpull\1.1.3.1\xmlpull-1.1.3.1.jar;C:\Users\Administrator\.m2\repository\com\netflix\spectator\spectator-api\1.7.3\spectator-api-1.7.3.jar;C:\Users\Administrator\.m2\repository\org\apache\httpcomponents\httpclient\4.5.3\httpclient-4.5.3.jar;C:\Users\Administrator\.m2\repository\org\apache\httpcomponents\httpcore\4.4.16\httpcore-4.4.16.jar;C:\Users\Administrator\.m2\repository\commons-configuration\commons-configuration\1.10\commons-configuration-1.10.jar;C:\Users\Administrator\.m2\repository\commons-lang\commons-lang\2.6\commons-lang-2.6.jar;C:\Users\Administrator\.m2\repository\com\netflix\netflix-commons\netflix-eventbus\0.3.0\netflix-eventbus-0.3.0.jar;C:\Users\Administrator\.m2\repository\com\netflix\netflix-commons\netflix-infix\0.3.0\netflix-infix-0.3.0.jar;C:\Users\Administrator\.m2\repository\commons-jxpath\commons-jxpath\1.3\commons-jxpath-1.3.jar;C:\Users\Administrator\.m2\repository\joda-time\joda-time\2.3\joda-time-2.3.jar;C:\Users\Administrator\.m2\repository\org\antlr\antlr-runtime\3.4\antlr-runtime-3.4.jar;C:\Users\Administrator\.m2\repository\org\antlr\stringtemplate\3.2.1\stringtemplate-3.2.1.jar;C:\Users\Administrator\.m2\repository\antlr\antlr\2.7.7\antlr-2.7.7.jar;C:\Users\Administrator\.m2\repository\com\google\code\gson\gson\2.10.1\gson-2.10.1.jar;C:\Users\Administrator\.m2\repository\com\netflix\servo\servo-core\0.5.3\servo-core-0.5.3.jar;C:\Users\Administrator\.m2\repository\org\apache\commons\commons-math\2.2\commons-math-2.2.jar;C:\Users\Administrator\.m2\repository\javax\annotation\javax.annotation-api\1.2\javax.annotation-api-1.2.jar;C:\Users\Administrator\.m2\repository\org\codehaus\jettison\jettison\1.5.4\jettison-1.5.4.jar;C:\Users\Administrator\.m2\repository\org\apache\httpcomponents\client5\httpclient5\5.3.1\httpclient5-5.3.1.jar;C:\Users\Administrator\.m2\repository\org\apache\httpcomponents\core5\httpcore5\5.2.5\httpcore5-5.2.5.jar;C:\Users\Administrator\.m2\repository\org\apache\httpcomponents\core5\httpcore5-h2\5.2.5\httpcore5-h2-5.2.5.jar;C:\Users\Administrator\.m2\repository\com\netflix\eureka\eureka-client-jersey3\2.0.3\eureka-client-jersey3-2.0.3.jar;C:\Users\Administrator\.m2\repository\org\glassfish\jersey\connectors\jersey-apache-connector\3.1.7\jersey-apache-connector-3.1.7.jar;C:\Users\Administrator\.m2\repository\commons-codec\commons-codec\1.16.1\commons-codec-1.16.1.jar;C:\Users\Administrator\.m2\repository\commons-logging\commons-logging\1.3.1\commons-logging-1.3.1.jar;C:\Users\Administrator\.m2\repository\com\netflix\eureka\eureka-core-jersey3\2.0.3\eureka-core-jersey3-2.0.3.jar;C:\Users\Administrator\.m2\repository\com\netflix\eureka\eureka-core\2.0.3\eureka-core-2.0.3.jar;C:\Users\Administrator\.m2\repository\com\google\guava\guava\33.0.0-jre\guava-33.0.0-jre.jar;C:\Users\Administrator\.m2\repository\com\google\guava\failureaccess\1.0.2\failureaccess-1.0.2.jar;C:\Users\Administrator\.m2\repository\com\google\guava\listenablefuture\9999.0-empty-to-avoid-conflict-with-guava\listenablefuture-9999.0-empty-to-avoid-conflict-with-guava.jar;C:\Users\Administrator\.m2\repository\org\checkerframework\checker-qual\3.41.0\checker-qual-3.41.0.jar;C:\Users\Administrator\.m2\repository\com\google\errorprone\error_prone_annotations\2.23.0\error_prone_annotations-2.23.0.jar;C:\Users\Administrator\.m2\repository\com\google\j2objc\j2objc-annotations\2.8\j2objc-annotations-2.8.jar;C:\Users\Administrator\.m2\repository\org\glassfish\jersey\containers\jersey-container-servlet\3.1.7\jersey-container-servlet-3.1.7.jar;C:\Users\Administrator\.m2\repository\org\glassfish\jersey\containers\jersey-container-servlet-core\3.1.7\jersey-container-servlet-core-3.1.7.jar;C:\Users\Administrator\.m2\repository\org\glassfish\jersey\core\jersey-common\3.1.7\jersey-common-3.1.7.jar;C:\Users\Administrator\.m2\repository\org\glassfish\hk2\osgi-resource-locator\1.0.3\osgi-resource-locator-1.0.3.jar;C:\Users\Administrator\.m2\repository\jakarta\ws\rs\jakarta.ws.rs-api\3.1.0\jakarta.ws.rs-api-3.1.0.jar;C:\Users\Administrator\.m2\repository\org\glassfish\jersey\core\jersey-server\3.1.7\jersey-server-3.1.7.jar;C:\Users\Administrator\.m2\repository\jakarta\inject\jakarta.inject-api\2.0.1\jakarta.inject-api-2.0.1.jar;C:\Users\Administrator\.m2\repository\jakarta\validation\jakarta.validation-api\3.0.2\jakarta.validation-api-3.0.2.jar;C:\Users\Administrator\.m2\repository\org\glassfish\jersey\core\jersey-client\3.1.7\jersey-client-3.1.7.jar;C:\Users\Administrator\.m2\repository\org\glassfish\jersey\inject\jersey-hk2\3.1.7\jersey-hk2-3.1.7.jar;C:\Users\Administrator\.m2\repository\org\glassfish\hk2\hk2-locator\3.0.6\hk2-locator-3.0.6.jar;C:\Users\Administrator\.m2\repository\org\glassfish\hk2\external\aopalliance-repackaged\3.0.6\aopalliance-repackaged-3.0.6.jar;C:\Users\Administrator\.m2\repository\org\glassfish\hk2\hk2-utils\3.0.6\hk2-utils-3.0.6.jar;C:\Users\Administrator\.m2\repository\org\javassist\javassist\3.30.2-GA\javassist-3.30.2-GA.jar;C:\Users\Administrator\.m2\repository\org\glassfish\hk2\spring-bridge\3.1.1\spring-bridge-3.1.1.jar;C:\Users\Administrator\.m2\repository\org\glassfish\hk2\hk2-api\3.1.1\hk2-api-3.1.1.jar;C:\Users\Administrator\.m2\repository\com\fasterxml\jackson\dataformat\jackson-dataformat-xml\2.17.2\jackson-dataformat-xml-2.17.2.jar;C:\Users\Administrator\.m2\repository\org\codehaus\woodstox\stax2-api\4.2.2\stax2-api-4.2.2.jar;C:\Users\Administrator\.m2\repository\com\fasterxml\woodstox\woodstox-core\6.7.0\woodstox-core-6.7.0.jar;C:\Users\Administrator\.m2\repository\org\springframework\cloud\spring-cloud-starter-loadbalancer\4.1.4\spring-cloud-starter-loadbalancer-4.1.4.jar;C:\Users\Administrator\.m2\repository\org\springframework\cloud\spring-cloud-loadbalancer\4.1.4\spring-cloud-loadbalancer-4.1.4.jar;C:\Users\Administrator\.m2\repository\io\projectreactor\reactor-core\3.6.8\reactor-core-3.6.8.jar;C:\Users\Administrator\.m2\repository\org\reactivestreams\reactive-streams\1.0.4\reactive-streams-1.0.4.jar;C:\Users\Administrator\.m2\repository\io\projectreactor\addons\reactor-extra\3.5.1\reactor-extra-3.5.1.jar;C:\Users\Administrator\.m2\repository\org\springframework\boot\spring-boot-starter-cache\3.3.2\spring-boot-starter-cache-3.3.2.jar;C:\Users\Administrator\.m2\repository\com\stoyanr\evictor\1.0.0\evictor-1.0.0.jar;C:\Users\Administrator\.m2\repository\org\glassfish\jaxb\jaxb-runtime\4.0.5\jaxb-runtime-4.0.5.jar;C:\Users\Administrator\.m2\repository\org\glassfish\jaxb\jaxb-core\4.0.5\jaxb-core-4.0.5.jar;C:\Users\Administrator\.m2\repository\org\eclipse\angus\angus-activation\2.0.2\angus-activation-2.0.2.jar;C:\Users\Administrator\.m2\repository\org\glassfish\jaxb\txw2\4.0.5\txw2-4.0.5.jar;C:\Users\Administrator\.m2\repository\com\sun\istack\istack-commons-runtime\4.1.2\istack-commons-runtime-4.1.2.jar;C:\Users\Administrator\.m2\repository\org\springframework\boot\spring-boot-devtools\3.3.2\spring-boot-devtools-3.3.2.jar;C:\Users\Administrator\.m2\repository\org\springframework\boot\spring-boot\3.3.2\spring-boot-3.3.2.jar;C:\Users\Administrator\.m2\repository\org\springframework\boot\spring-boot-autoconfigure\3.3.2\spring-boot-autoconfigure-3.3.2.jar;C:\Users\Administrator\.m2\repository\org\slf4j\slf4j-api\2.0.13\slf4j-api-2.0.13.jar;C:\Users\Administrator\.m2\repository\jakarta\xml\bind\jakarta.xml.bind-api\4.0.2\jakarta.xml.bind-api-4.0.2.jar;C:\Users\Administrator\.m2\repository\jakarta\activation\jakarta.activation-api\2.1.3\jakarta.activation-api-2.1.3.jar;C:\Users\Administrator\.m2\repository\org\springframework\spring-core\6.1.11\spring-core-6.1.11.jar;C:\Users\Administrator\.m2\repository\org\springframework\spring-jcl\6.1.11\spring-jcl-6.1.11.jar
Launcher Type: SUN_STANDARD

[Global flags]
     intx CICompilerCount                          = 3                                         {product} {ergonomic}
     uint ConcGCThreads                            = 1                                         {product} {ergonomic}
     uint G1ConcRefinementThreads                  = 4                                         {product} {ergonomic}
   size_t G1HeapRegionSize                         = 1048576                                   {product} {ergonomic}
   size_t InitialHeapSize                          = 134217728                                 {product} {ergonomic}
     bool ManagementServer                         = true                                      {product} {command line}
   size_t MarkStackSize                            = 4194304                                   {product} {ergonomic}
   size_t MaxHeapSize                              = 2128609280                                {product} {ergonomic}
   size_t MaxNewSize                               = 1277165568                                {product} {ergonomic}
   size_t MinHeapDeltaBytes                        = 1048576                                   {product} {ergonomic}
   size_t MinHeapSize                              = 8388608                                   {product} {ergonomic}
    uintx NonNMethodCodeHeapSize                   = 4096                                   {pd product} {ergonomic}
    uintx NonProfiledCodeHeapSize                  = 0                                      {pd product} {ergonomic}
     bool ProfileInterpreter                       = false                                  {pd product} {command line}
    uintx ProfiledCodeHeapSize                     = 0                                      {pd product} {ergonomic}
   size_t SoftMaxHeapSize                          = 2128609280                             {manageable} {ergonomic}
     intx TieredStopAtLevel                        = 1                                         {product} {command line}
     bool UseCompressedOops                        = true                           {product lp64_product} {ergonomic}
     bool UseG1GC                                  = true                                      {product} {ergonomic}
     bool UseLargePagesIndividualAllocation        = false                                  {pd product} {ergonomic}

Logging:
Log output configuration:
 #0: stdout all=warning uptime,level,tags foldmultilines=false
 #1: stderr all=off uptime,level,tags foldmultilines=false

Environment Variables:
PATH=C:\Windows\system32;C:\Windows;C:\Windows\System32\Wbem;C:\Windows\System32\WindowsPowerShell\v1.0\;C:\Windows\System32\OpenSSH\;C:\xampp\php;C:\composer;C:\Program Files (x86)\Microsoft SQL Server\160\Tools\Binn\;C:\Program Files\Microsoft SQL Server\160\Tools\Binn\;C:\Program Files\Microsoft SQL Server\Client SDK\ODBC\170\Tools\Binn\;C:\Program Files\Microsoft SQL Server\160\DTS\Binn\;C:\Program Files\Azure Data Studio\bin;C:\Program Files\nodejs\;C:\Program Files\dotnet\;C:\Program Files\Microsoft SQL Server\150\Tools\Binn\;C:\Program Files (x86)\Microsoft SQL Server\160\DTS\Binn\;C:\Program Files\Git\cmd;C:\Users\Administrator\AppData\Local\Microsoft\WindowsApps;C:\Users\Administrator\AppData\Local\Programs\Microsoft VS Code\bin;C:\Users\Administrator\AppData\Roaming\Composer\vendor\bin;C:\Program Files\Azure Data Studio\bin;C:\Users\Administrator\AppData\Roaming\npm;C:\Users\Administrator\AppData\Local\GitHubDesktop\bin;C:\Users\Administrator\.dotnet\tools;C:\Users\Administrator\AppData\Local\Programs\Azure Data Studio\bin
USERNAME=Administrator
OS=Windows_NT
PROCESSOR_IDENTIFIER=Intel64 Family 6 Model 69 Stepping 1, GenuineIntel
TMP=C:\Users\ADMINI~1\AppData\Local\Temp
TEMP=C:\Users\ADMINI~1\AppData\Local\Temp




Periodic native trim disabled

---------------  S Y S T E M  ---------------

OS:
 Windows 10 , 64 bit Build 17134 (10.0.17134.1)
OS uptime: 2 days 2:53 hours

CPU: total 4 (initial active 4) (2 cores per cpu, 2 threads per core) family 6 model 69 stepping 1 microcode 0x20, cx8, cmov, fxsr, ht, mmx, sse, sse2, sse3, ssse3, sse4.1, sse4.2, popcnt, lzcnt, tsc, tscinvbit, avx, avx2, aes, erms, clmul, bmi1, bmi2, fma, vzeroupper, clflush, rdtscp, f16c
Processor Information for all 4 processors :
  Max Mhz: 2401, Current Mhz: 2401, Mhz Limit: 2401

Memory: 4k page, system-wide physical 8113M (155M free)
TotalPageFile size 11866M (AvailPageFile size 2M)
current process WorkingSet (physical memory assigned to process): 228M, peak: 228M
current process commit charge ("private bytes"): 265M, peak: 265M

vm_info: OpenJDK 64-Bit Server VM (22.0.1+8-16) for windows-amd64 JRE (22.0.1+8-16), built on 2024-03-12T10:33:16Z by "mach5one" with MS VC++ 17.6 (VS2022)

END.
